Flow report for palaplaca
Sat Jun 06 18:19:19 2015
Quartus II 64-Bit Version 12.1 Build 243 01/31/2013 Service Pack 1 SJ Web Edition


---------------------
; Table of Contents ;
---------------------
  1. Legal Notice
  2. Flow Summary
  3. Flow Settings
  4. Flow Non-Default Global Settings
  5. Flow Elapsed Time
  6. Flow OS Summary
  7. Flow Log



----------------
; Legal Notice ;
----------------
Copyright (C) 1991-2012 Altera Corporation
Your use of Altera Corporation's design tools, logic functions 
and other software and tools, and its AMPP partner logic 
functions, and any output files from any of the foregoing 
(including device programming or simulation files), and any 
associated documentation or information are expressly subject 
to the terms and conditions of the Altera Program License 
Subscription Agreement, Altera MegaCore Function License 
Agreement, or other applicable license agreement, including, 
without limitation, that your use is for the sole purpose of 
programming logic devices manufactured by Altera and sold by 
Altera or its authorized distributors.  Please refer to the 
applicable agreement for further details.



+------------------------------------------------------------------------------------+
; Flow Summary                                                                       ;
+------------------------------------+-----------------------------------------------+
; Flow Status                        ; Successful - Sat Jun 06 18:19:15 2015         ;
; Quartus II 64-Bit Version          ; 12.1 Build 243 01/31/2013 SP 1 SJ Web Edition ;
; Revision Name                      ; palaplaca                                     ;
; Top-level Entity Name              ; palaplaca                                     ;
; Family                             ; Cyclone II                                    ;
; Device                             ; EP2C20F484C7                                  ;
; Timing Models                      ; Final                                         ;
; Total logic elements               ; 616 / 18,752 ( 3 % )                          ;
;     Total combinational functions  ; 529 / 18,752 ( 3 % )                          ;
;     Dedicated logic registers      ; 194 / 18,752 ( 1 % )                          ;
; Total registers                    ; 194                                           ;
; Total pins                         ; 85 / 315 ( 27 % )                             ;
; Total virtual pins                 ; 0                                             ;
; Total memory bits                  ; 0 / 239,616 ( 0 % )                           ;
; Embedded Multiplier 9-bit elements ; 0 / 52 ( 0 % )                                ;
; Total PLLs                         ; 0 / 4 ( 0 % )                                 ;
+------------------------------------+-----------------------------------------------+


+-----------------------------------------+
; Flow Settings                           ;
+-------------------+---------------------+
; Option            ; Setting             ;
+-------------------+---------------------+
; Start date & time ; 06/06/2015 18:18:40 ;
; Main task         ; Compilation         ;
; Revision Name     ; palaplaca           ;
+-------------------+---------------------+


+------------------------------------------------------------------------------------------------------------------+
; Flow Non-Default Global Settings                                                                                 ;
+-------------------------------------+---------------------------------+---------------+-------------+------------+
; Assignment Name                     ; Value                           ; Default Value ; Entity Name ; Section Id ;
+-------------------------------------+---------------------------------+---------------+-------------+------------+
; COMPILER_SIGNATURE_ID               ; 134660534743251.143361112005420 ; --            ; --          ; --         ;
; MAX_CORE_JUNCTION_TEMP              ; 85                              ; --            ; --          ; --         ;
; MIN_CORE_JUNCTION_TEMP              ; 0                               ; --            ; --          ; --         ;
; PARTITION_COLOR                     ; 16764057                        ; --            ; --          ; Top        ;
; PARTITION_FITTER_PRESERVATION_LEVEL ; PLACEMENT_AND_ROUTING           ; --            ; --          ; Top        ;
; PARTITION_NETLIST_TYPE              ; SOURCE                          ; --            ; --          ; Top        ;
; PROJECT_OUTPUT_DIRECTORY            ; output_files                    ; --            ; --          ; --         ;
+-------------------------------------+---------------------------------+---------------+-------------+------------+


+-------------------------------------------------------------------------------------------------------------------------------+
; Flow Elapsed Time                                                                                                             ;
+---------------------------+--------------+-------------------------+---------------------+------------------------------------+
; Module Name               ; Elapsed Time ; Average Processors Used ; Peak Virtual Memory ; Total CPU Time (on all processors) ;
+---------------------------+--------------+-------------------------+---------------------+------------------------------------+
; Analysis & Synthesis      ; 00:00:09     ; 1.0                     ; 493 MB              ; 00:00:06                           ;
; Fitter                    ; 00:00:19     ; 1.0                     ; 748 MB              ; 00:00:12                           ;
; Assembler                 ; 00:00:02     ; 1.0                     ; 440 MB              ; 00:00:02                           ;
; TimeQuest Timing Analyzer ; 00:00:03     ; 1.0                     ; 437 MB              ; 00:00:01                           ;
; Total                     ; 00:00:33     ; --                      ; --                  ; 00:00:21                           ;
+---------------------------+--------------+-------------------------+---------------------+------------------------------------+


+----------------------------------------------------------------------------------------+
; Flow OS Summary                                                                        ;
+---------------------------+------------------+-----------+------------+----------------+
; Module Name               ; Machine Hostname ; OS Name   ; OS Version ; Processor type ;
+---------------------------+------------------+-----------+------------+----------------+
; Analysis & Synthesis      ; WIN-Q61M2CMVCUS  ; Windows 7 ; 6.2        ; x86_64         ;
; Fitter                    ; WIN-Q61M2CMVCUS  ; Windows 7 ; 6.2        ; x86_64         ;
; Assembler                 ; WIN-Q61M2CMVCUS  ; Windows 7 ; 6.2        ; x86_64         ;
; TimeQuest Timing Analyzer ; WIN-Q61M2CMVCUS  ; Windows 7 ; 6.2        ; x86_64         ;
+---------------------------+------------------+-----------+------------+----------------+


------------
; Flow Log ;
------------
quartus_map --read_settings_files=on --write_settings_files=off palaplaca -c palaplaca
quartus_fit --read_settings_files=off --write_settings_files=off palaplaca -c palaplaca
quartus_asm --read_settings_files=off --write_settings_files=off palaplaca -c palaplaca
quartus_sta palaplaca -c palaplaca



