Flow report for DE1_synthesizer
Fri Jun 05 11:04:15 2015
Quartus II 64-Bit Version 12.1 Build 243 01/31/2013 Service Pack 1 SJ Web Edition


---------------------
; Table of Contents ;
---------------------
  1. Legal Notice
  2. Flow Summary
  3. Flow Settings
  4. Flow Non-Default Global Settings
  5. Flow Elapsed Time
  6. Flow OS Summary
  7. Flow Log



----------------
; Legal Notice ;
----------------
Copyright (C) 1991-2012 Altera Corporation
Your use of Altera Corporation's design tools, logic functions 
and other software and tools, and its AMPP partner logic 
functions, and any output files from any of the foregoing 
(including device programming or simulation files), and any 
associated documentation or information are expressly subject 
to the terms and conditions of the Altera Program License 
Subscription Agreement, Altera MegaCore Function License 
Agreement, or other applicable license agreement, including, 
without limitation, that your use is for the sole purpose of 
programming logic devices manufactured by Altera and sold by 
Altera or its authorized distributors.  Please refer to the 
applicable agreement for further details.



+------------------------------------------------------------------------------------+
; Flow Summary                                                                       ;
+------------------------------------+-----------------------------------------------+
; Flow Status                        ; Successful - Fri Jun 05 11:04:09 2015         ;
; Quartus II 64-Bit Version          ; 12.1 Build 243 01/31/2013 SP 1 SJ Web Edition ;
; Revision Name                      ; DE1_synthesizer                               ;
; Top-level Entity Name              ; DE1_synthesizer                               ;
; Family                             ; Cyclone II                                    ;
; Device                             ; EP2C20F484C7                                  ;
; Timing Models                      ; Final                                         ;
; Total logic elements               ; 1,551 / 18,752 ( 8 % )                        ;
;     Total combinational functions  ; 1,535 / 18,752 ( 8 % )                        ;
;     Dedicated logic registers      ; 306 / 18,752 ( 2 % )                          ;
; Total registers                    ; 306                                           ;
; Total pins                         ; 283 / 315 ( 90 % )                            ;
; Total virtual pins                 ; 0                                             ;
; Total memory bits                  ; 0 / 239,616 ( 0 % )                           ;
; Embedded Multiplier 9-bit elements ; 0 / 52 ( 0 % )                                ;
; Total PLLs                         ; 1 / 4 ( 25 % )                                ;
+------------------------------------+-----------------------------------------------+


+-----------------------------------------+
; Flow Settings                           ;
+-------------------+---------------------+
; Option            ; Setting             ;
+-------------------+---------------------+
; Start date & time ; 06/05/2015 11:03:34 ;
; Main task         ; Compilation         ;
; Revision Name     ; DE1_synthesizer     ;
+-------------------+---------------------+


+------------------------------------------------------------------------------------------------------------------+
; Flow Non-Default Global Settings                                                                                 ;
+-------------------------------------+---------------------------------+---------------+-------------+------------+
; Assignment Name                     ; Value                           ; Default Value ; Entity Name ; Section Id ;
+-------------------------------------+---------------------------------+---------------+-------------+------------+
; AUTO_ENABLE_SMART_COMPILE           ; On                              ; --            ; --          ; --         ;
; COMPILER_SIGNATURE_ID               ; 134660534743251.143349861407936 ; --            ; --          ; --         ;
; ENABLE_SIGNALTAP                    ; Off                             ; --            ; --          ; --         ;
; PARTITION_COLOR                     ; 16764057                        ; --            ; --          ; Top        ;
; PARTITION_FITTER_PRESERVATION_LEVEL ; PLACEMENT_AND_ROUTING           ; --            ; --          ; Top        ;
; PARTITION_NETLIST_TYPE              ; SOURCE                          ; --            ; --          ; Top        ;
; USE_SIGNALTAP_FILE                  ; stp1.stp                        ; --            ; --          ; --         ;
+-------------------------------------+---------------------------------+---------------+-------------+------------+


+-------------------------------------------------------------------------------------------------------------------------------+
; Flow Elapsed Time                                                                                                             ;
+---------------------------+--------------+-------------------------+---------------------+------------------------------------+
; Module Name               ; Elapsed Time ; Average Processors Used ; Peak Virtual Memory ; Total CPU Time (on all processors) ;
+---------------------------+--------------+-------------------------+---------------------+------------------------------------+
; Analysis & Synthesis      ; 00:00:14     ; 1.0                     ; 499 MB              ; 00:00:13                           ;
; Fitter                    ; 00:00:17     ; 1.0                     ; 759 MB              ; 00:00:17                           ;
; Assembler                 ; 00:00:01     ; 1.0                     ; 452 MB              ; 00:00:02                           ;
; TimeQuest Timing Analyzer ; 00:00:05     ; 1.0                     ; 464 MB              ; 00:00:04                           ;
; Total                     ; 00:00:37     ; --                      ; --                  ; 00:00:36                           ;
+---------------------------+--------------+-------------------------+---------------------+------------------------------------+


+----------------------------------------------------------------------------------------+
; Flow OS Summary                                                                        ;
+---------------------------+------------------+-----------+------------+----------------+
; Module Name               ; Machine Hostname ; OS Name   ; OS Version ; Processor type ;
+---------------------------+------------------+-----------+------------+----------------+
; Analysis & Synthesis      ; WIN-Q61M2CMVCUS  ; Windows 7 ; 6.2        ; x86_64         ;
; Fitter                    ; WIN-Q61M2CMVCUS  ; Windows 7 ; 6.2        ; x86_64         ;
; Assembler                 ; WIN-Q61M2CMVCUS  ; Windows 7 ; 6.2        ; x86_64         ;
; TimeQuest Timing Analyzer ; WIN-Q61M2CMVCUS  ; Windows 7 ; 6.2        ; x86_64         ;
+---------------------------+------------------+-----------+------------+----------------+


------------
; Flow Log ;
------------
quartus_map --read_settings_files=on --write_settings_files=off DE1_synthesizer -c DE1_synthesizer
quartus_fit --read_settings_files=off --write_settings_files=off DE1_synthesizer -c DE1_synthesizer
quartus_asm --read_settings_files=off --write_settings_files=off DE1_synthesizer -c DE1_synthesizer
quartus_sta DE1_synthesizer -c DE1_synthesizer



