Flow report for MonocicloQuartus
Thu Jun 12 20:09:17 2014
Quartus II 32-bit Version 12.1 Build 243 01/31/2013 Service Pack 1 SJ Web Edition


---------------------
; Table of Contents ;
---------------------
  1. Legal Notice
  2. Flow Summary
  3. Flow Settings
  4. Flow Non-Default Global Settings
  5. Flow Elapsed Time
  6. Flow OS Summary
  7. Flow Log



----------------
; Legal Notice ;
----------------
Copyright (C) 1991-2012 Altera Corporation
Your use of Altera Corporation's design tools, logic functions 
and other software and tools, and its AMPP partner logic 
functions, and any output files from any of the foregoing 
(including device programming or simulation files), and any 
associated documentation or information are expressly subject 
to the terms and conditions of the Altera Program License 
Subscription Agreement, Altera MegaCore Function License 
Agreement, or other applicable license agreement, including, 
without limitation, that your use is for the sole purpose of 
programming logic devices manufactured by Altera and sold by 
Altera or its authorized distributors.  Please refer to the 
applicable agreement for further details.



+------------------------------------------------------------------------------------+
; Flow Summary                                                                       ;
+------------------------------------+-----------------------------------------------+
; Flow Status                        ; Successful - Thu Jun 12 20:09:17 2014         ;
; Quartus II 32-bit Version          ; 12.1 Build 243 01/31/2013 SP 1 SJ Web Edition ;
; Revision Name                      ; MonocicloQuartus                              ;
; Top-level Entity Name              ; cpu                                           ;
; Family                             ; Cyclone II                                    ;
; Device                             ; EP2C20F484C7                                  ;
; Timing Models                      ; Final                                         ;
; Total logic elements               ; 6,542 / 18,752 ( 35 % )                       ;
;     Total combinational functions  ; 6,413 / 18,752 ( 34 % )                       ;
;     Dedicated logic registers      ; 287 / 18,752 ( 2 % )                          ;
; Total registers                    ; 287                                           ;
; Total pins                         ; 91 / 315 ( 29 % )                             ;
; Total virtual pins                 ; 0                                             ;
; Total memory bits                  ; 0 / 239,616 ( 0 % )                           ;
; Embedded Multiplier 9-bit elements ; 0 / 52 ( 0 % )                                ;
; Total PLLs                         ; 1 / 4 ( 25 % )                                ;
+------------------------------------+-----------------------------------------------+


+-----------------------------------------+
; Flow Settings                           ;
+-------------------+---------------------+
; Option            ; Setting             ;
+-------------------+---------------------+
; Start date & time ; 06/12/2014 20:07:18 ;
; Main task         ; Compilation         ;
; Revision Name     ; MonocicloQuartus    ;
+-------------------+---------------------+


+-------------------------------------------------------------------------------------------------------------------------------+
; Flow Non-Default Global Settings                                                                                              ;
+-------------------------------------+---------------------------------------+------------------+-------------+----------------+
; Assignment Name                     ; Value                                 ; Default Value    ; Entity Name ; Section Id     ;
+-------------------------------------+---------------------------------------+------------------+-------------+----------------+
; COMPILER_SIGNATURE_ID               ; 164638690376.140260003704155          ; --               ; --          ; --             ;
; EDA_OUTPUT_DATA_FORMAT              ; Vhdl                                  ; --               ; --          ; eda_simulation ;
; EDA_SIMULATION_TOOL                 ; ModelSim-Altera (VHDL)                ; <None>           ; --          ; --             ;
; MAX_CORE_JUNCTION_TEMP              ; 85                                    ; --               ; --          ; --             ;
; MIN_CORE_JUNCTION_TEMP              ; 0                                     ; --               ; --          ; --             ;
; PARTITION_COLOR                     ; 16764057                              ; --               ; cpu         ; Top            ;
; PARTITION_FITTER_PRESERVATION_LEVEL ; PLACEMENT_AND_ROUTING                 ; --               ; cpu         ; Top            ;
; PARTITION_NETLIST_TYPE              ; SOURCE                                ; --               ; cpu         ; Top            ;
; POWER_BOARD_THERMAL_MODEL           ; None (CONSERVATIVE)                   ; --               ; --          ; --             ;
; POWER_PRESET_COOLING_SOLUTION       ; 23 MM HEAT SINK WITH 200 LFPM AIRFLOW ; --               ; --          ; --             ;
; PROJECT_OUTPUT_DIRECTORY            ; output_files                          ; --               ; --          ; --             ;
; TOP_LEVEL_ENTITY                    ; cpu                                   ; MonocicloQuartus ; --          ; --             ;
+-------------------------------------+---------------------------------------+------------------+-------------+----------------+


+-------------------------------------------------------------------------------------------------------------------------------+
; Flow Elapsed Time                                                                                                             ;
+---------------------------+--------------+-------------------------+---------------------+------------------------------------+
; Module Name               ; Elapsed Time ; Average Processors Used ; Peak Virtual Memory ; Total CPU Time (on all processors) ;
+---------------------------+--------------+-------------------------+---------------------+------------------------------------+
; Analysis & Synthesis      ; 00:00:25     ; 1.0                     ; 380 MB              ; 00:00:24                           ;
; Fitter                    ; 00:01:11     ; 1.0                     ; 450 MB              ; 00:01:10                           ;
; Assembler                 ; 00:00:03     ; 1.0                     ; 339 MB              ; 00:00:03                           ;
; TimeQuest Timing Analyzer ; 00:00:03     ; 1.0                     ; 333 MB              ; 00:00:03                           ;
; EDA Netlist Writer        ; 00:00:06     ; 1.0                     ; 324 MB              ; 00:00:06                           ;
; Total                     ; 00:01:48     ; --                      ; --                  ; 00:01:46                           ;
+---------------------------+--------------+-------------------------+---------------------+------------------------------------+


+-------------------------------------------------------------------------------------------+
; Flow OS Summary                                                                           ;
+---------------------------+------------------+--------------+------------+----------------+
; Module Name               ; Machine Hostname ; OS Name      ; OS Version ; Processor type ;
+---------------------------+------------------+--------------+------------+----------------+
; Analysis & Synthesis      ; b17              ; Ubuntu 12.10 ; 12         ; i686           ;
; Fitter                    ; b17              ; Ubuntu 12.10 ; 12         ; i686           ;
; Assembler                 ; b17              ; Ubuntu 12.10 ; 12         ; i686           ;
; TimeQuest Timing Analyzer ; b17              ; Ubuntu 12.10 ; 12         ; i686           ;
; EDA Netlist Writer        ; b17              ; Ubuntu 12.10 ; 12         ; i686           ;
+---------------------------+------------------+--------------+------------+----------------+


------------
; Flow Log ;
------------
quartus_map --read_settings_files=on --write_settings_files=off MonocicloQuartus -c MonocicloQuartus
quartus_fit --read_settings_files=off --write_settings_files=off MonocicloQuartus -c MonocicloQuartus
quartus_asm --read_settings_files=off --write_settings_files=off MonocicloQuartus -c MonocicloQuartus
quartus_sta MonocicloQuartus -c MonocicloQuartus
quartus_eda --read_settings_files=off --write_settings_files=off MonocicloQuartus -c MonocicloQuartus



