#! /usr/bin/vvp
:ivl_version "0.9.7 " "(v0_9_7)";
:vpi_time_precision - 11;
:vpi_module "system";
:vpi_module "v2005_math";
:vpi_module "va_math";
S_0x2237450 .scope module, "deco3a7" "deco3a7" 2 128;
 .timescale 0 0;
v0x21cad30_0 .net "binario", 2 0, C4<zzz>; 0 drivers
v0x2261d90_0 .net "display", 6 0, v0x2261e30_0; 1 drivers
v0x2261e30_0 .var "salida", 6 0;
E_0x224caa0 .event edge, v0x21cad30_0;
S_0x221ac10 .scope module, "dmux4" "dmux4" 2 286;
 .timescale 0 0;
P_0x224f508 .param/l "WIDTH" 2 286, +C4<01000>;
v0x2261f40_0 .var "d0", 7 0;
v0x2262000_0 .var "d1", 7 0;
v0x22620a0_0 .var "d2", 7 0;
v0x2262140_0 .var "d3", 7 0;
v0x22621f0_0 .net "s", 1 0, C4<zz>; 0 drivers
v0x2262290_0 .net "y", 7 0, C4<zzzzzzzz>; 0 drivers
E_0x2261ed0 .event edge, v0x2262290_0, v0x22621f0_0;
S_0x222eff0 .scope module, "monociclo_tb" "monociclo_tb" 3 2;
 .timescale -9 -11;
v0x226ccc0_0 .var "clk", 0 0;
v0x226cd40_0 .var "e0", 7 0;
v0x226cdc0_0 .var "e1", 7 0;
v0x226ce40_0 .var "e2", 7 0;
v0x226cec0_0 .var "e3", 7 0;
v0x226cf40_0 .var "reset", 0 0;
v0x226cfc0_0 .net "s0", 7 0, v0x2264650_0; 1 drivers
v0x226d040_0 .net "s1", 7 0, v0x2264180_0; 1 drivers
v0x226d0c0_0 .net "s2", 7 0, v0x2263cc0_0; 1 drivers
v0x226d140_0 .net "s3", 7 0, v0x2263840_0; 1 drivers
S_0x2262370 .scope module, "cpumonociclo" "monociclo" 3 37, 4 1, S_0x222eff0;
 .timescale -9 -11;
v0x226b7f0_0 .net "clk", 0 0, v0x226ccc0_0; 1 drivers
v0x226ba50_0 .net "e0", 7 0, v0x226cd40_0; 1 drivers
v0x226bb20_0 .net "e1", 7 0, v0x226cdc0_0; 1 drivers
v0x226bbf0_0 .net "e2", 7 0, v0x226ce40_0; 1 drivers
v0x226bcc0_0 .net "e3", 7 0, v0x226cec0_0; 1 drivers
v0x226bd90_0 .net "enable0", 0 0, v0x2262660_0; 1 drivers
v0x226be10_0 .net "enable1", 0 0, v0x2262700_0; 1 drivers
v0x226be90_0 .net "enable2", 0 0, v0x22627a0_0; 1 drivers
v0x226bf60_0 .net "enable3", 0 0, v0x2262850_0; 1 drivers
v0x226bfe0_0 .net "enablebackup", 0 0, v0x22628f0_0; 1 drivers
v0x226c060_0 .net "op", 2 0, L_0x227b8e0; 1 drivers
v0x226c0e0_0 .net "opcode", 5 0, L_0x2278e80; 1 drivers
v0x226c160_0 .net "puerto1", 1 0, L_0x2278f20; 1 drivers
v0x226c230_0 .net "puerto2", 1 0, L_0x2278fc0; 1 drivers
v0x226c380_0 .net "reset", 0 0, v0x226cf40_0; 1 drivers
v0x226c400_0 .alias "s0", 7 0, v0x226cfc0_0;
v0x226c2b0_0 .alias "s1", 7 0, v0x226d040_0;
v0x226c5b0_0 .alias "s2", 7 0, v0x226d0c0_0;
v0x226c6d0_0 .alias "s3", 7 0, v0x226d140_0;
v0x226c7a0_0 .net "s_inc", 0 0, v0x2262da0_0; 1 drivers
v0x226c630_0 .net "s_inm", 0 0, v0x2262eb0_0; 1 drivers
v0x226c8d0_0 .net "s_rel", 0 0, v0x2262f50_0; 1 drivers
v0x226c820_0 .net "s_ret", 0 0, v0x2263070_0; 1 drivers
v0x226ca10_0 .net "selentrada", 0 0, v0x2263110_0; 1 drivers
v0x226c950_0 .net "selsalida", 0 0, v0x2262fd0_0; 1 drivers
v0x226cb60_0 .net "we3", 0 0, v0x2263260_0; 1 drivers
v0x226ca90_0 .net "z", 0 0, v0x2265990_0; 1 drivers
S_0x2263400 .scope module, "micro1" "microc" 4 10, 5 2, S_0x2262370;
 .timescale 0 0;
v0x2269860_0 .net "SalidaMux2ADmux4", 7 0, L_0x227b600; 1 drivers
v0x22698e0_0 .net "alu_mux_in", 7 0, v0x2266320_0; 1 drivers
v0x22699b0_0 .net "alu_mux_out", 7 0, L_0x227b270; 1 drivers
v0x2269a80_0 .net "bus_de_datos", 15 0, L_0x2279fe0; 1 drivers
v0x2269b00_0 .alias "clk", 0 0, v0x226b7f0_0;
v0x2269b80_0 .net "compsalto_out", 9 0, L_0x22797a0; 1 drivers
v0x2269c50_0 .alias "ein0", 7 0, v0x226ba50_0;
v0x2269cd0_0 .alias "ein1", 7 0, v0x226bb20_0;
v0x2269da0_0 .alias "ein2", 7 0, v0x226bbf0_0;
v0x2269e20_0 .alias "ein3", 7 0, v0x226bcc0_0;
v0x2269ed0_0 .alias "enable0", 0 0, v0x226bd90_0;
v0x2269f50_0 .alias "enable1", 0 0, v0x226be10_0;
v0x226a090_0 .alias "enable2", 0 0, v0x226be90_0;
v0x226a160_0 .alias "enable3", 0 0, v0x226bf60_0;
v0x226a2b0_0 .alias "enablebackup", 0 0, v0x226bfe0_0;
v0x226a380_0 .net "mux_reg", 7 0, L_0x227b440; 1 drivers
v0x226a1e0_0 .net "muxpc_out", 9 0, L_0x227a040; 1 drivers
v0x226a530_0 .alias "op", 2 0, v0x226c060_0;
v0x226a650_0 .alias "opcode", 5 0, v0x226c0e0_0;
v0x226a6d0_0 .net "pc_out", 9 0, v0x2267ea0_0; 1 drivers
v0x226a5b0_0 .alias "puerto1", 1 0, v0x226c160_0;
v0x226a800_0 .alias "puerto2", 1 0, v0x226c230_0;
v0x226a750_0 .net "puerto_mux", 7 0, v0x2264d50_0; 1 drivers
v0x226a990_0 .net "rd1", 7 0, L_0x227a630; 1 drivers
v0x226aae0_0 .net "rd2", 7 0, L_0x227abd0; 1 drivers
v0x226ab60_0 .alias "reset", 0 0, v0x226c380_0;
v0x2264780_0 .net "restorepc", 9 0, v0x2268670_0; 1 drivers
v0x226aa10_0 .net "retornopc_out", 9 0, L_0x2279e10; 1 drivers
v0x226abe0_0 .alias "s_inc", 0 0, v0x226c7a0_0;
v0x226aec0_0 .alias "s_inm", 0 0, v0x226c630_0;
v0x226ae20_0 .alias "s_rel", 0 0, v0x226c8d0_0;
v0x226b090_0 .alias "s_ret", 0 0, v0x226c820_0;
v0x226af90_0 .alias "selentrada", 0 0, v0x226ca10_0;
v0x226b270_0 .alias "selsalida", 0 0, v0x226c950_0;
v0x226b160_0 .net "smuxalupc", 9 0, L_0x2279b40; 1 drivers
v0x226b460_0 .alias "sout0", 7 0, v0x226cfc0_0;
v0x226b2f0_0 .alias "sout1", 7 0, v0x226d040_0;
v0x226b370_0 .alias "sout2", 7 0, v0x226d0c0_0;
v0x226b620_0 .alias "sout3", 7 0, v0x226d140_0;
v0x226b6a0_0 .net "sumpc_out", 9 0, L_0x2279060; 1 drivers
v0x226b4e0_0 .alias "we3", 0 0, v0x226cb60_0;
v0x226b870_0 .net "z", 0 0, L_0x227b210; 1 drivers
v0x226b720_0 .alias "zero", 0 0, v0x226ca90_0;
L_0x2278e80 .part L_0x2279fe0, 0, 6;
L_0x2278f20 .part L_0x2279fe0, 6, 2;
L_0x2278fc0 .part L_0x227a630, 0, 2;
L_0x2279970 .part L_0x2279fe0, 6, 9;
L_0x2279aa0 .part L_0x2279fe0, 15, 1;
L_0x227a200 .part L_0x2279fe0, 6, 10;
L_0x227adf0 .part L_0x2279fe0, 4, 4;
L_0x227afa0 .part L_0x2279fe0, 8, 4;
L_0x227b040 .part L_0x2279fe0, 12, 4;
L_0x227b3a0 .part L_0x2279fe0, 4, 8;
L_0x227b730 .part L_0x2279fe0, 8, 8;
L_0x227b7d0 .part L_0x2279fe0, 6, 2;
S_0x22695a0 .scope module, "sum_pc" "sum" 5 35, 2 210, S_0x2263400;
 .timescale 0 0;
v0x2269690_0 .alias "a", 9 0, v0x226a6d0_0;
v0x2269710_0 .alias "b", 9 0, v0x226b160_0;
v0x2269790_0 .alias "y", 9 0, v0x226b6a0_0;
L_0x2279060 .arith/sum 10, v0x2267ea0_0, L_0x2279b40;
S_0x2268ba0 .scope module, "compsalto" "complementoa2" 5 41, 2 230, S_0x2263400;
 .timescale 0 0;
v0x2268c90_0 .net *"_s0", 2 0, L_0x2279220; 1 drivers
v0x2268d10_0 .net *"_s10", 8 0, C4<000000000>; 1 drivers
v0x2268d90_0 .net *"_s13", 8 0, L_0x22793f0; 1 drivers
v0x2268e10_0 .net *"_s14", 9 0, L_0x22794e0; 1 drivers
v0x2268ec0_0 .net *"_s16", 0 0, C4<0>; 1 drivers
v0x2268f60_0 .net *"_s18", 9 0, L_0x2279660; 1 drivers
v0x2269040_0 .net *"_s3", 1 0, C4<00>; 1 drivers
v0x22690e0_0 .net *"_s4", 2 0, C4<001>; 1 drivers
v0x22691d0_0 .net *"_s6", 0 0, L_0x22792c0; 1 drivers
v0x2269270_0 .net *"_s8", 0 0, C4<1>; 1 drivers
v0x2269370_0 .net "a", 8 0, L_0x2279970; 1 drivers
v0x2269410_0 .net "resta", 0 0, L_0x2279aa0; 1 drivers
v0x2269520_0 .alias "y", 9 0, v0x2269b80_0;
L_0x2279220 .concat [ 1 2 0 0], L_0x2279aa0, C4<00>;
L_0x22792c0 .cmp/eq 3, L_0x2279220, C4<001>;
L_0x22793f0 .arith/sub 9, C4<000000000>, L_0x2279970;
L_0x22794e0 .concat [ 9 1 0 0], L_0x22793f0, C4<1>;
L_0x2279660 .concat [ 9 1 0 0], L_0x2279970, C4<0>;
L_0x22797a0 .functor MUXZ 10, L_0x2279660, L_0x22794e0, L_0x22792c0, C4<>;
S_0x22687d0 .scope module, "mux_srel" "mux2" 5 42, 2 258, S_0x2263400;
 .timescale 0 0;
P_0x22688c8 .param/l "WIDTH" 2 258, +C4<01010>;
v0x2268940_0 .net "d0", 9 0, C4<0000000001>; 1 drivers
v0x22689c0_0 .alias "d1", 9 0, v0x2269b80_0;
v0x2268a40_0 .alias "s", 0 0, v0x226c8d0_0;
v0x2268af0_0 .alias "y", 9 0, v0x226b160_0;
L_0x2279b40 .functor MUXZ 10, C4<0000000001>, L_0x22797a0, v0x2262f50_0, C4<>;
S_0x2268320 .scope module, "pcbackup" "registroconenable" 5 45, 2 246, S_0x2263400;
 .timescale 0 0;
P_0x2268418 .param/l "WIDTH" 2 246, +C4<01010>;
v0x2268490_0 .alias "clk", 0 0, v0x226b7f0_0;
v0x2268510_0 .alias "d", 9 0, v0x226b6a0_0;
v0x22685c0_0 .alias "enable", 0 0, v0x226bfe0_0;
v0x2268670_0 .var "q", 9 0;
v0x2268750_0 .alias "reset", 0 0, v0x226c380_0;
S_0x2267fd0 .scope module, "retornopc" "mux2" 5 46, 2 258, S_0x2263400;
 .timescale 0 0;
P_0x2262af8 .param/l "WIDTH" 2 258, +C4<01010>;
v0x22680c0_0 .alias "d0", 9 0, v0x226a1e0_0;
v0x2268140_0 .alias "d1", 9 0, v0x2264780_0;
v0x22681c0_0 .alias "s", 0 0, v0x226c820_0;
v0x2268240_0 .alias "y", 9 0, v0x226aa10_0;
L_0x2279e10 .functor MUXZ 10, L_0x227a040, v0x2268670_0, v0x2263070_0, C4<>;
S_0x2267b40 .scope module, "pc" "registro" 5 51, 2 236, S_0x2263400;
 .timescale 0 0;
P_0x2267c38 .param/l "WIDTH" 2 236, +C4<01010>;
v0x2267cf0_0 .alias "clk", 0 0, v0x226b7f0_0;
v0x2264490_0 .alias "d", 9 0, v0x226aa10_0;
v0x2267ea0_0 .var "q", 9 0;
v0x2267f50_0 .alias "reset", 0 0, v0x226c380_0;
S_0x2267760 .scope module, "memoria" "memprog" 5 54, 6 3, S_0x2263400;
 .timescale 0 0;
L_0x2279fe0 .functor BUFZ 16, L_0x2279f40, C4<0000000000000000>, C4<0000000000000000>, C4<0000000000000000>;
v0x2267850_0 .net *"_s0", 15 0, L_0x2279f40; 1 drivers
v0x22678f0_0 .alias "a", 9 0, v0x226a6d0_0;
v0x2267990_0 .alias "clk", 0 0, v0x226b7f0_0;
v0x2267a10 .array "mem", 1023 0, 15 0;
v0x2267ac0_0 .alias "rd", 15 0, v0x2269a80_0;
L_0x2279f40 .array/port v0x2267a10, v0x2267ea0_0;
S_0x22673b0 .scope module, "mux_pc" "mux2" 5 58, 2 258, S_0x2263400;
 .timescale 0 0;
P_0x22669c8 .param/l "WIDTH" 2 258, +C4<01010>;
v0x22674e0_0 .net "d0", 9 0, L_0x227a200; 1 drivers
v0x2267560_0 .alias "d1", 9 0, v0x226b6a0_0;
v0x2267600_0 .alias "s", 0 0, v0x226c7a0_0;
v0x22676b0_0 .alias "y", 9 0, v0x226a1e0_0;
L_0x227a040 .functor MUXZ 10, L_0x227a200, L_0x2279060, v0x2262da0_0, C4<>;
S_0x2266510 .scope module, "registros" "regfile" 5 62, 2 191, S_0x2263400;
 .timescale 0 0;
v0x2266630_0 .net *"_s0", 4 0, L_0x227a2e0; 1 drivers
v0x22666b0_0 .net *"_s10", 7 0, C4<00000000>; 1 drivers
v0x2266750_0 .net *"_s14", 4 0, L_0x227a800; 1 drivers
v0x22667f0_0 .net *"_s17", 0 0, C4<0>; 1 drivers
v0x22668a0_0 .net *"_s18", 4 0, C4<00000>; 1 drivers
v0x2266940_0 .net *"_s20", 0 0, L_0x227a970; 1 drivers
v0x2266a20_0 .net *"_s22", 7 0, L_0x227aaa0; 1 drivers
v0x2266ac0_0 .net *"_s24", 7 0, C4<00000000>; 1 drivers
v0x2266b60_0 .net *"_s3", 0 0, C4<0>; 1 drivers
v0x2266c00_0 .net *"_s4", 4 0, C4<00000>; 1 drivers
v0x2266ca0_0 .net *"_s6", 0 0, L_0x227a400; 1 drivers
v0x2266d40_0 .net *"_s8", 7 0, L_0x227a540; 1 drivers
v0x2266de0_0 .alias "clk", 0 0, v0x226b7f0_0;
v0x2266e60_0 .net "ra1", 3 0, L_0x227adf0; 1 drivers
v0x2266f80_0 .net "ra2", 3 0, L_0x227afa0; 1 drivers
v0x2267020_0 .alias "rd1", 7 0, v0x226a990_0;
v0x2266ee0_0 .alias "rd2", 7 0, v0x226aae0_0;
v0x2267130 .array "regb", 15 0, 7 0;
v0x22670a0_0 .net "wa3", 3 0, L_0x227b040; 1 drivers
v0x2267250_0 .alias "wd3", 7 0, v0x226a380_0;
v0x22671b0_0 .alias "we3", 0 0, v0x226cb60_0;
E_0x2266600 .event posedge, v0x22625a0_0;
L_0x227a2e0 .concat [ 4 1 0 0], L_0x227adf0, C4<0>;
L_0x227a400 .cmp/ne 5, L_0x227a2e0, C4<00000>;
L_0x227a540 .array/port v0x2267130, L_0x227adf0;
L_0x227a630 .functor MUXZ 8, C4<00000000>, L_0x227a540, L_0x227a400, C4<>;
L_0x227a800 .concat [ 4 1 0 0], L_0x227afa0, C4<0>;
L_0x227a970 .cmp/ne 5, L_0x227a800, C4<00000>;
L_0x227aaa0 .array/port v0x2267130, L_0x227afa0;
L_0x227abd0 .functor MUXZ 8, C4<00000000>, L_0x227aaa0, L_0x227a970, C4<>;
S_0x2265f30 .scope module, "alu1" "alu" 5 66, 7 1, S_0x2263400;
 .timescale 0 0;
L_0x227b210 .functor NOT 1, L_0x227b0e0, C4<0>, C4<0>, C4<0>;
v0x2266050_0 .net *"_s3", 0 0, L_0x227b0e0; 1 drivers
v0x22660f0_0 .alias "a", 7 0, v0x226a990_0;
v0x2266190_0 .alias "b", 7 0, v0x226aae0_0;
v0x2266240_0 .alias "op", 2 0, v0x226c060_0;
v0x2266320_0 .var "s", 7 0;
v0x22663a0_0 .alias "y", 7 0, v0x22698e0_0;
v0x2266460_0 .alias "zero", 0 0, v0x226b870_0;
E_0x2266020 .event edge, v0x22629d0_0, v0x2265080_0, v0x22660f0_0;
L_0x227b0e0 .reduce/or v0x2266320_0;
S_0x2265af0 .scope module, "mux_banco" "mux2" 5 70, 2 258, S_0x2263400;
 .timescale 0 0;
P_0x2265be8 .param/l "WIDTH" 2 258, +C4<01000>;
v0x2265c60_0 .alias "d0", 7 0, v0x22698e0_0;
v0x2265d00_0 .net "d1", 7 0, L_0x227b3a0; 1 drivers
v0x2265da0_0 .alias "s", 0 0, v0x226c630_0;
v0x2265e50_0 .alias "y", 7 0, v0x22699b0_0;
L_0x227b270 .functor MUXZ 8, v0x2266320_0, L_0x227b3a0, v0x2262eb0_0, C4<>;
S_0x2265700 .scope module, "regzero" "registro" 5 74, 2 236, S_0x2263400;
 .timescale 0 0;
P_0x22657f8 .param/l "WIDTH" 2 236, +C4<01>;
v0x2265870_0 .alias "clk", 0 0, v0x226b7f0_0;
v0x22658f0_0 .alias "d", 0 0, v0x226b870_0;
v0x2265990_0 .var "q", 0 0;
v0x2265a40_0 .alias "reset", 0 0, v0x226c380_0;
S_0x22652e0 .scope module, "muxentradaregistro" "mux2" 5 83, 2 258, S_0x2263400;
 .timescale 0 0;
P_0x22653d8 .param/l "WIDTH" 2 258, +C4<01000>;
v0x2265450_0 .alias "d0", 7 0, v0x22699b0_0;
v0x22654f0_0 .alias "d1", 7 0, v0x226a750_0;
v0x22655a0_0 .alias "s", 0 0, v0x226ca10_0;
v0x2265650_0 .alias "y", 7 0, v0x226a380_0;
L_0x227b440 .functor MUXZ 8, L_0x227b270, v0x2264d50_0, v0x2263110_0, C4<>;
S_0x2264e30 .scope module, "muxademux" "mux2" 5 85, 2 258, S_0x2263400;
 .timescale 0 0;
P_0x2264f28 .param/l "WIDTH" 2 258, +C4<01000>;
v0x2264fe0_0 .net "d0", 7 0, L_0x227b730; 1 drivers
v0x2265080_0 .alias "d1", 7 0, v0x226aae0_0;
v0x2265120_0 .alias "s", 0 0, v0x226c950_0;
v0x22651a0_0 .alias "y", 7 0, v0x2269860_0;
L_0x227b600 .functor MUXZ 8, L_0x227b730, L_0x227abd0, v0x2262fd0_0, C4<>;
S_0x2264810 .scope module, "muxentrada" "mux4" 5 86, 2 270, S_0x2263400;
 .timescale 0 0;
P_0x2264908 .param/l "WIDTH" 2 270, +C4<01000>;
v0x2264a00_0 .alias "d0", 7 0, v0x226ba50_0;
v0x2264ac0_0 .alias "d1", 7 0, v0x226bb20_0;
v0x2264b60_0 .alias "d2", 7 0, v0x226bbf0_0;
v0x2264c00_0 .alias "d3", 7 0, v0x226bcc0_0;
v0x2264cb0_0 .net "s", 1 0, L_0x227b7d0; 1 drivers
v0x2264d50_0 .var "y", 7 0;
E_0x22649a0/0 .event edge, v0x2264cb0_0, v0x2264a00_0, v0x2264ac0_0, v0x2264b60_0;
E_0x22649a0/1 .event edge, v0x2264c00_0;
E_0x22649a0 .event/or E_0x22649a0/0, E_0x22649a0/1;
S_0x2264280 .scope module, "salida0" "registroconenable" 5 89, 2 246, S_0x2263400;
 .timescale 0 0;
P_0x2264378 .param/l "WIDTH" 2 246, +C4<01000>;
v0x2264410_0 .alias "clk", 0 0, v0x226b7f0_0;
v0x2264520_0 .alias "d", 7 0, v0x2269860_0;
v0x22645a0_0 .alias "enable", 0 0, v0x226bd90_0;
v0x2264650_0 .var "q", 7 0;
v0x2264700_0 .alias "reset", 0 0, v0x226c380_0;
S_0x2263e40 .scope module, "salida1" "registroconenable" 5 90, 2 246, S_0x2263400;
 .timescale 0 0;
P_0x2263f38 .param/l "WIDTH" 2 246, +C4<01000>;
v0x2263fb0_0 .alias "clk", 0 0, v0x226b7f0_0;
v0x2264030_0 .alias "d", 7 0, v0x2269860_0;
v0x2264100_0 .alias "enable", 0 0, v0x226be10_0;
v0x2264180_0 .var "q", 7 0;
v0x2264200_0 .alias "reset", 0 0, v0x226c380_0;
S_0x22639a0 .scope module, "salida2" "registroconenable" 5 91, 2 246, S_0x2263400;
 .timescale 0 0;
P_0x2263a98 .param/l "WIDTH" 2 246, +C4<01000>;
v0x2263b10_0 .alias "clk", 0 0, v0x226b7f0_0;
v0x2263b90_0 .alias "d", 7 0, v0x2269860_0;
v0x2263c10_0 .alias "enable", 0 0, v0x226be90_0;
v0x2263cc0_0 .var "q", 7 0;
v0x2263d70_0 .alias "reset", 0 0, v0x226c380_0;
S_0x22634f0 .scope module, "salida3" "registroconenable" 5 92, 2 246, S_0x2263400;
 .timescale 0 0;
P_0x2262978 .param/l "WIDTH" 2 246, +C4<01000>;
v0x2263640_0 .alias "clk", 0 0, v0x226b7f0_0;
v0x2263710_0 .alias "d", 7 0, v0x2269860_0;
v0x2263790_0 .alias "enable", 0 0, v0x226bf60_0;
v0x2263840_0 .var "q", 7 0;
v0x22638f0_0 .alias "reset", 0 0, v0x226c380_0;
E_0x2262820 .event posedge, v0x2262d00_0, v0x22625a0_0;
S_0x2262460 .scope module, "uc1" "uc" 4 14, 8 1, S_0x2262370;
 .timescale -9 -11;
v0x22625a0_0 .alias "clk", 0 0, v0x226b7f0_0;
v0x2262660_0 .var "enable0", 0 0;
v0x2262700_0 .var "enable1", 0 0;
v0x22627a0_0 .var "enable2", 0 0;
v0x2262850_0 .var "enable3", 0 0;
v0x22628f0_0 .var "enablebackup", 0 0;
v0x22629d0_0 .alias "op", 2 0, v0x226c060_0;
v0x2262a70_0 .alias "opcode", 5 0, v0x226c0e0_0;
v0x2262b60_0 .alias "puerto1", 1 0, v0x226c160_0;
v0x2262c00_0 .alias "puerto2", 1 0, v0x226c230_0;
v0x2262d00_0 .alias "reset", 0 0, v0x226c380_0;
v0x2262da0_0 .var "s_inc", 0 0;
v0x2262eb0_0 .var "s_inm", 0 0;
v0x2262f50_0 .var "s_rel", 0 0;
v0x2263070_0 .var "s_ret", 0 0;
v0x2263110_0 .var "selentrada", 0 0;
v0x2262fd0_0 .var "selsalida", 0 0;
v0x2263260_0 .var "we3", 0 0;
v0x2263380_0 .alias "z", 0 0, v0x226ca90_0;
E_0x22621c0/0 .event edge, v0x2262d00_0, v0x2262a70_0, v0x2263380_0, v0x2262b60_0;
E_0x22621c0/1 .event edge, v0x2262c00_0;
E_0x22621c0 .event/or E_0x22621c0/0, E_0x22621c0/1;
L_0x227b8e0 .part L_0x2278e80, 0, 3;
S_0x222c6f0 .scope module, "palaplaca" "palaplaca" 9 1;
 .timescale -9 -11;
v0x2277aa0_0 .net "a", 3 0, C4<zzzz>; 0 drivers
v0x2277b20_0 .net "b", 3 0, C4<zzzz>; 0 drivers
v0x2277ba0_0 .net "clk", 0 0, C4<z>; 0 drivers
RS_0x7fe8eee5e098 .resolv tri, v0x226d7a0_0, v0x226d430_0, C4<zzzzzzz>, C4<zzzzzzz>;
v0x2277c20_0 .net8 "display1", 6 0, RS_0x7fe8eee5e098; 2 drivers
RS_0x7fe8eee5e0c8 .resolv tri, v0x226d820_0, v0x226d4b0_0, C4<zzzzzzz>, C4<zzzzzzz>;
v0x2277ca0_0 .net8 "display2", 6 0, RS_0x7fe8eee5e0c8; 2 drivers
v0x2277d70_0 .var "e0", 7 0;
v0x2277df0_0 .var "e1", 7 0;
v0x2277e70_0 .var "e2", 7 0;
v0x2277f40_0 .var "e3", 7 0;
v0x2277fc0_0 .net "op", 2 0, C4<zzz>; 0 drivers
v0x2278040_0 .var "rellenooperacion", 4 0;
v0x22780c0_0 .var "rellenooperando", 3 0;
v0x2278140_0 .net "reset", 0 0, C4<z>; 0 drivers
v0x22781c0_0 .net "s0", 7 0, v0x226f630_0; 1 drivers
v0x22782c0_0 .net "s1", 7 0, v0x226f190_0; 1 drivers
v0x2278340_0 .net "s2", 7 0, v0x226ed00_0; 1 drivers
v0x2278240_0 .net "s3", 7 0, v0x226e8f0_0; 1 drivers
S_0x226d8a0 .scope module, "mono" "monociclo" 9 23, 4 1, S_0x222c6f0;
 .timescale -9 -11;
v0x22765d0_0 .alias "clk", 0 0, v0x2277ba0_0;
v0x2276830_0 .net "e0", 7 0, v0x2277d70_0; 1 drivers
v0x2276900_0 .net "e1", 7 0, v0x2277df0_0; 1 drivers
v0x22769d0_0 .net "e2", 7 0, v0x2277e70_0; 1 drivers
v0x2276aa0_0 .net "e3", 7 0, v0x2277f40_0; 1 drivers
v0x2276b70_0 .net "enable0", 0 0, v0x226db00_0; 1 drivers
v0x2276bf0_0 .net "enable1", 0 0, v0x226db80_0; 1 drivers
v0x2276c70_0 .net "enable2", 0 0, v0x226dc00_0; 1 drivers
v0x2276d40_0 .net "enable3", 0 0, v0x226dc80_0; 1 drivers
v0x2276dc0_0 .net "enablebackup", 0 0, v0x226dd00_0; 1 drivers
v0x2276e40_0 .net "op", 2 0, L_0x227e580; 1 drivers
v0x2276ec0_0 .net "opcode", 5 0, L_0x227baa0; 1 drivers
v0x2276f40_0 .net "puerto1", 1 0, L_0x227bb40; 1 drivers
v0x2277010_0 .net "puerto2", 1 0, L_0x227bbe0; 1 drivers
v0x2277160_0 .alias "reset", 0 0, v0x2278140_0;
v0x22771e0_0 .alias "s0", 7 0, v0x22781c0_0;
v0x2277090_0 .alias "s1", 7 0, v0x22782c0_0;
v0x2277390_0 .alias "s2", 7 0, v0x2278340_0;
v0x22774b0_0 .alias "s3", 7 0, v0x2278240_0;
v0x2277580_0 .net "s_inc", 0 0, v0x226e060_0; 1 drivers
v0x2277410_0 .net "s_inm", 0 0, v0x226e0e0_0; 1 drivers
v0x22776b0_0 .net "s_rel", 0 0, v0x226e160_0; 1 drivers
v0x2277600_0 .net "s_ret", 0 0, v0x226e260_0; 1 drivers
v0x22777f0_0 .net "selentrada", 0 0, v0x226e2e0_0; 1 drivers
v0x2277730_0 .net "selsalida", 0 0, v0x226e1e0_0; 1 drivers
v0x2277940_0 .net "we3", 0 0, v0x226e3f0_0; 1 drivers
v0x2277870_0 .net "z", 0 0, v0x22707f0_0; 1 drivers
S_0x226e510 .scope module, "micro1" "microc" 4 10, 5 2, S_0x226d8a0;
 .timescale 0 0;
v0x2274640_0 .net "SalidaMux2ADmux4", 7 0, L_0x227e310; 1 drivers
v0x22746c0_0 .net "alu_mux_in", 7 0, v0x2271120_0; 1 drivers
v0x2274790_0 .net "alu_mux_out", 7 0, L_0x227df80; 1 drivers
v0x2274860_0 .net "bus_de_datos", 15 0, L_0x2279a10; 1 drivers
v0x22748e0_0 .alias "clk", 0 0, v0x2277ba0_0;
v0x2274960_0 .net "compsalto_out", 9 0, L_0x227c490; 1 drivers
v0x2274a30_0 .alias "ein0", 7 0, v0x2276830_0;
v0x2274ab0_0 .alias "ein1", 7 0, v0x2276900_0;
v0x2274b80_0 .alias "ein2", 7 0, v0x22769d0_0;
v0x2274c00_0 .alias "ein3", 7 0, v0x2276aa0_0;
v0x2274cb0_0 .alias "enable0", 0 0, v0x2276b70_0;
v0x2274d30_0 .alias "enable1", 0 0, v0x2276bf0_0;
v0x2274e70_0 .alias "enable2", 0 0, v0x2276c70_0;
v0x2274f40_0 .alias "enable3", 0 0, v0x2276d40_0;
v0x2275090_0 .alias "enablebackup", 0 0, v0x2276dc0_0;
v0x2275160_0 .net "mux_reg", 7 0, L_0x227e150; 1 drivers
v0x2274fc0_0 .net "muxpc_out", 9 0, L_0x227cca0; 1 drivers
v0x2275310_0 .alias "op", 2 0, v0x2276e40_0;
v0x2275430_0 .alias "opcode", 5 0, v0x2276ec0_0;
v0x22754b0_0 .net "pc_out", 9 0, v0x2272ca0_0; 1 drivers
v0x2275390_0 .alias "puerto1", 1 0, v0x2276f40_0;
v0x22755e0_0 .alias "puerto2", 1 0, v0x2277010_0;
v0x2275530_0 .net "puerto_mux", 7 0, v0x226fc70_0; 1 drivers
v0x2275770_0 .net "rd1", 7 0, L_0x227d290; 1 drivers
v0x22758c0_0 .net "rd2", 7 0, L_0x227d590; 1 drivers
v0x2275940_0 .alias "reset", 0 0, v0x2278140_0;
v0x226f730_0 .net "restorepc", 9 0, v0x2273580_0; 1 drivers
v0x22757f0_0 .net "retornopc_out", 9 0, L_0x227cb60; 1 drivers
v0x22759c0_0 .alias "s_inc", 0 0, v0x2277580_0;
v0x2275ca0_0 .alias "s_inm", 0 0, v0x2277410_0;
v0x2275c00_0 .alias "s_rel", 0 0, v0x22776b0_0;
v0x2275e70_0 .alias "s_ret", 0 0, v0x2277600_0;
v0x2275d70_0 .alias "selentrada", 0 0, v0x22777f0_0;
v0x2276050_0 .alias "selsalida", 0 0, v0x2277730_0;
v0x2275f40_0 .net "smuxalupc", 9 0, L_0x227c830; 1 drivers
v0x2276240_0 .alias "sout0", 7 0, v0x22781c0_0;
v0x22760d0_0 .alias "sout1", 7 0, v0x22782c0_0;
v0x2276150_0 .alias "sout2", 7 0, v0x2278340_0;
v0x2276400_0 .alias "sout3", 7 0, v0x2278240_0;
v0x2276480_0 .net "sumpc_out", 9 0, L_0x227bc80; 1 drivers
v0x22762c0_0 .alias "we3", 0 0, v0x2277940_0;
v0x2276650_0 .net "z", 0 0, L_0x227df20; 1 drivers
v0x2276500_0 .alias "zero", 0 0, v0x2277870_0;
L_0x227baa0 .part L_0x2279a10, 0, 6;
L_0x227bb40 .part L_0x2279a10, 6, 2;
L_0x227bbe0 .part L_0x227d290, 0, 2;
L_0x227c660 .part L_0x2279a10, 6, 9;
L_0x227c790 .part L_0x2279a10, 15, 1;
L_0x227ce60 .part L_0x2279a10, 6, 10;
L_0x227db00 .part L_0x2279a10, 4, 4;
L_0x227dcb0 .part L_0x2279a10, 8, 4;
L_0x227dd50 .part L_0x2279a10, 12, 4;
L_0x227e0b0 .part L_0x2279a10, 4, 8;
L_0x227e440 .part L_0x2279a10, 8, 8;
L_0x227e4e0 .part L_0x2279a10, 6, 2;
S_0x22743d0 .scope module, "sum_pc" "sum" 5 35, 2 210, S_0x226e510;
 .timescale 0 0;
v0x22744c0_0 .alias "a", 9 0, v0x22754b0_0;
v0x2274540_0 .alias "b", 9 0, v0x2275f40_0;
v0x22745c0_0 .alias "y", 9 0, v0x2276480_0;
L_0x227bc80 .arith/sum 10, v0x2272ca0_0, L_0x227c830;
S_0x2273ab0 .scope module, "compsalto" "complementoa2" 5 41, 2 230, S_0x226e510;
 .timescale 0 0;
v0x2273ba0_0 .net *"_s0", 2 0, L_0x227beb0; 1 drivers
v0x2273c20_0 .net *"_s10", 8 0, C4<000000000>; 1 drivers
v0x2273cc0_0 .net *"_s13", 8 0, L_0x227c180; 1 drivers
v0x2273d60_0 .net *"_s14", 9 0, L_0x227c220; 1 drivers
v0x2273e10_0 .net *"_s16", 0 0, C4<0>; 1 drivers
v0x2273eb0_0 .net *"_s18", 9 0, L_0x227c350; 1 drivers
v0x2273f90_0 .net *"_s3", 1 0, C4<00>; 1 drivers
v0x2274030_0 .net *"_s4", 2 0, C4<001>; 1 drivers
v0x22740d0_0 .net *"_s6", 0 0, L_0x227bfd0; 1 drivers
v0x2274170_0 .net *"_s8", 0 0, C4<1>; 1 drivers
v0x2274210_0 .net "a", 8 0, L_0x227c660; 1 drivers
v0x22742b0_0 .net "resta", 0 0, L_0x227c790; 1 drivers
v0x2274350_0 .alias "y", 9 0, v0x2274960_0;
L_0x227beb0 .concat [ 1 2 0 0], L_0x227c790, C4<00>;
L_0x227bfd0 .cmp/eq 3, L_0x227beb0, C4<001>;
L_0x227c180 .arith/sub 9, C4<000000000>, L_0x227c660;
L_0x227c220 .concat [ 9 1 0 0], L_0x227c180, C4<1>;
L_0x227c350 .concat [ 9 1 0 0], L_0x227c660, C4<0>;
L_0x227c490 .functor MUXZ 10, L_0x227c350, L_0x227c220, L_0x227bfd0, C4<>;
S_0x22736e0 .scope module, "mux_srel" "mux2" 5 42, 2 258, S_0x226e510;
 .timescale 0 0;
P_0x22737d8 .param/l "WIDTH" 2 258, +C4<01010>;
v0x2273850_0 .net "d0", 9 0, C4<0000000001>; 1 drivers
v0x22738d0_0 .alias "d1", 9 0, v0x2274960_0;
v0x2273950_0 .alias "s", 0 0, v0x22776b0_0;
v0x2273a00_0 .alias "y", 9 0, v0x2275f40_0;
L_0x227c830 .functor MUXZ 10, C4<0000000001>, L_0x227c490, v0x226e160_0, C4<>;
S_0x2273230 .scope module, "pcbackup" "registroconenable" 5 45, 2 246, S_0x226e510;
 .timescale 0 0;
P_0x2273328 .param/l "WIDTH" 2 246, +C4<01010>;
v0x22733a0_0 .alias "clk", 0 0, v0x2277ba0_0;
v0x2273420_0 .alias "d", 9 0, v0x2276480_0;
v0x22734d0_0 .alias "enable", 0 0, v0x2276dc0_0;
v0x2273580_0 .var "q", 9 0;
v0x2273660_0 .alias "reset", 0 0, v0x2278140_0;
S_0x2272e00 .scope module, "retornopc" "mux2" 5 46, 2 258, S_0x226e510;
 .timescale 0 0;
P_0x2272ef8 .param/l "WIDTH" 2 258, +C4<01010>;
v0x2272f70_0 .alias "d0", 9 0, v0x2274fc0_0;
v0x2273020_0 .alias "d1", 9 0, v0x226f730_0;
v0x22730a0_0 .alias "s", 0 0, v0x2277600_0;
v0x2273150_0 .alias "y", 9 0, v0x22757f0_0;
L_0x227cb60 .functor MUXZ 10, L_0x227cca0, v0x2273580_0, v0x226e260_0, C4<>;
S_0x2272940 .scope module, "pc" "registro" 5 51, 2 236, S_0x226e510;
 .timescale 0 0;
P_0x2272a38 .param/l "WIDTH" 2 236, +C4<01010>;
v0x2272af0_0 .alias "clk", 0 0, v0x2277ba0_0;
v0x226f4a0_0 .alias "d", 9 0, v0x22757f0_0;
v0x2272ca0_0 .var "q", 9 0;
v0x2272d50_0 .alias "reset", 0 0, v0x2278140_0;
S_0x2272560 .scope module, "memoria" "memprog" 5 54, 6 3, S_0x226e510;
 .timescale 0 0;
L_0x2279a10 .functor BUFZ 16, L_0x227cc00, C4<0000000000000000>, C4<0000000000000000>, C4<0000000000000000>;
v0x2272650_0 .net *"_s0", 15 0, L_0x227cc00; 1 drivers
v0x22726f0_0 .alias "a", 9 0, v0x22754b0_0;
v0x2272790_0 .alias "clk", 0 0, v0x2277ba0_0;
v0x2272810 .array "mem", 1023 0, 15 0;
v0x22728c0_0 .alias "rd", 15 0, v0x2274860_0;
L_0x227cc00 .array/port v0x2272810, v0x2272ca0_0;
S_0x22721b0 .scope module, "mux_pc" "mux2" 5 58, 2 258, S_0x226e510;
 .timescale 0 0;
P_0x22717c8 .param/l "WIDTH" 2 258, +C4<01010>;
v0x22722e0_0 .net "d0", 9 0, L_0x227ce60; 1 drivers
v0x2272360_0 .alias "d1", 9 0, v0x2276480_0;
v0x2272400_0 .alias "s", 0 0, v0x2277580_0;
v0x22724b0_0 .alias "y", 9 0, v0x2274fc0_0;
L_0x227cca0 .functor MUXZ 10, L_0x227ce60, L_0x227bc80, v0x226e060_0, C4<>;
S_0x2271310 .scope module, "registros" "regfile" 5 62, 2 191, S_0x226e510;
 .timescale 0 0;
v0x2271430_0 .net *"_s0", 4 0, L_0x227cf40; 1 drivers
v0x22714b0_0 .net *"_s10", 7 0, C4<00000000>; 1 drivers
v0x2271550_0 .net *"_s14", 4 0, L_0x227d460; 1 drivers
v0x22715f0_0 .net *"_s17", 0 0, C4<0>; 1 drivers
v0x22716a0_0 .net *"_s18", 4 0, C4<00000>; 1 drivers
v0x2271740_0 .net *"_s20", 0 0, L_0x227d650; 1 drivers
v0x2271820_0 .net *"_s22", 7 0, L_0x227d780; 1 drivers
v0x22718c0_0 .net *"_s24", 7 0, C4<00000000>; 1 drivers
v0x2271960_0 .net *"_s3", 0 0, C4<0>; 1 drivers
v0x2271a00_0 .net *"_s4", 4 0, C4<00000>; 1 drivers
v0x2271aa0_0 .net *"_s6", 0 0, L_0x227cac0; 1 drivers
v0x2271b40_0 .net *"_s8", 7 0, L_0x227d160; 1 drivers
v0x2271be0_0 .alias "clk", 0 0, v0x2277ba0_0;
v0x2271c60_0 .net "ra1", 3 0, L_0x227db00; 1 drivers
v0x2271d80_0 .net "ra2", 3 0, L_0x227dcb0; 1 drivers
v0x2271e20_0 .alias "rd1", 7 0, v0x2275770_0;
v0x2271ce0_0 .alias "rd2", 7 0, v0x22758c0_0;
v0x2271f30 .array "regb", 15 0, 7 0;
v0x2271ea0_0 .net "wa3", 3 0, L_0x227dd50; 1 drivers
v0x2272050_0 .alias "wd3", 7 0, v0x2275160_0;
v0x2271fb0_0 .alias "we3", 0 0, v0x2277940_0;
E_0x2271400 .event posedge, v0x226da80_0;
L_0x227cf40 .concat [ 4 1 0 0], L_0x227db00, C4<0>;
L_0x227cac0 .cmp/ne 5, L_0x227cf40, C4<00000>;
L_0x227d160 .array/port v0x2271f30, L_0x227db00;
L_0x227d290 .functor MUXZ 8, C4<00000000>, L_0x227d160, L_0x227cac0, C4<>;
L_0x227d460 .concat [ 4 1 0 0], L_0x227dcb0, C4<0>;
L_0x227d650 .cmp/ne 5, L_0x227d460, C4<00000>;
L_0x227d780 .array/port v0x2271f30, L_0x227dcb0;
L_0x227d590 .functor MUXZ 8, C4<00000000>, L_0x227d780, L_0x227d650, C4<>;
S_0x2270d30 .scope module, "alu1" "alu" 5 66, 7 1, S_0x226e510;
 .timescale 0 0;
L_0x227df20 .functor NOT 1, L_0x227ddf0, C4<0>, C4<0>, C4<0>;
v0x2270e50_0 .net *"_s3", 0 0, L_0x227ddf0; 1 drivers
v0x2270ef0_0 .alias "a", 7 0, v0x2275770_0;
v0x2270f90_0 .alias "b", 7 0, v0x22758c0_0;
v0x2271040_0 .alias "op", 2 0, v0x2276e40_0;
v0x2271120_0 .var "s", 7 0;
v0x22711a0_0 .alias "y", 7 0, v0x22746c0_0;
v0x2271260_0 .alias "zero", 0 0, v0x2276650_0;
E_0x2270e20 .event edge, v0x226dd80_0, v0x226ffa0_0, v0x2270ef0_0;
L_0x227ddf0 .reduce/or v0x2271120_0;
S_0x22708f0 .scope module, "mux_banco" "mux2" 5 70, 2 258, S_0x226e510;
 .timescale 0 0;
P_0x22709e8 .param/l "WIDTH" 2 258, +C4<01000>;
v0x2270a60_0 .alias "d0", 7 0, v0x22746c0_0;
v0x2270b00_0 .net "d1", 7 0, L_0x227e0b0; 1 drivers
v0x2270ba0_0 .alias "s", 0 0, v0x2277410_0;
v0x2270c50_0 .alias "y", 7 0, v0x2274790_0;
L_0x227df80 .functor MUXZ 8, v0x2271120_0, L_0x227e0b0, v0x226e0e0_0, C4<>;
S_0x2270560 .scope module, "regzero" "registro" 5 74, 2 236, S_0x226e510;
 .timescale 0 0;
P_0x2270658 .param/l "WIDTH" 2 236, +C4<01>;
v0x22706d0_0 .alias "clk", 0 0, v0x2277ba0_0;
v0x2270750_0 .alias "d", 0 0, v0x2276650_0;
v0x22707f0_0 .var "q", 0 0;
v0x2270870_0 .alias "reset", 0 0, v0x2278140_0;
S_0x22701d0 .scope module, "muxentradaregistro" "mux2" 5 83, 2 258, S_0x226e510;
 .timescale 0 0;
P_0x22702c8 .param/l "WIDTH" 2 258, +C4<01000>;
v0x2270340_0 .alias "d0", 7 0, v0x2274790_0;
v0x22703e0_0 .alias "d1", 7 0, v0x2275530_0;
v0x2270460_0 .alias "s", 0 0, v0x22777f0_0;
v0x22704e0_0 .alias "y", 7 0, v0x2275160_0;
L_0x227e150 .functor MUXZ 8, L_0x227df80, v0x226fc70_0, v0x226e2e0_0, C4<>;
S_0x226fd50 .scope module, "muxademux" "mux2" 5 85, 2 258, S_0x226e510;
 .timescale 0 0;
P_0x226fe48 .param/l "WIDTH" 2 258, +C4<01000>;
v0x226ff00_0 .net "d0", 7 0, L_0x227e440; 1 drivers
v0x226ffa0_0 .alias "d1", 7 0, v0x22758c0_0;
v0x2270040_0 .alias "s", 0 0, v0x2277730_0;
v0x22700c0_0 .alias "y", 7 0, v0x2274640_0;
L_0x227e310 .functor MUXZ 8, L_0x227e440, L_0x227d590, v0x226e1e0_0, C4<>;
S_0x226f7c0 .scope module, "muxentrada" "mux4" 5 86, 2 270, S_0x226e510;
 .timescale 0 0;
P_0x226f8b8 .param/l "WIDTH" 2 270, +C4<01000>;
v0x226f950_0 .alias "d0", 7 0, v0x2276830_0;
v0x226fa10_0 .alias "d1", 7 0, v0x2276900_0;
v0x226fab0_0 .alias "d2", 7 0, v0x22769d0_0;
v0x226fb50_0 .alias "d3", 7 0, v0x2276aa0_0;
v0x226fbd0_0 .net "s", 1 0, L_0x227e4e0; 1 drivers
v0x226fc70_0 .var "y", 7 0;
E_0x22682f0/0 .event edge, v0x226fbd0_0, v0x226f950_0, v0x226fa10_0, v0x226fab0_0;
E_0x22682f0/1 .event edge, v0x226fb50_0;
E_0x22682f0 .event/or E_0x22682f0/0, E_0x22682f0/1;
S_0x226f290 .scope module, "salida0" "registroconenable" 5 89, 2 246, S_0x226e510;
 .timescale 0 0;
P_0x226f388 .param/l "WIDTH" 2 246, +C4<01000>;
v0x226f420_0 .alias "clk", 0 0, v0x2277ba0_0;
v0x226f530_0 .alias "d", 7 0, v0x2274640_0;
v0x226f5b0_0 .alias "enable", 0 0, v0x2276b70_0;
v0x226f630_0 .var "q", 7 0;
v0x226f6b0_0 .alias "reset", 0 0, v0x2278140_0;
S_0x226ee50 .scope module, "salida1" "registroconenable" 5 90, 2 246, S_0x226e510;
 .timescale 0 0;
P_0x226ef48 .param/l "WIDTH" 2 246, +C4<01000>;
v0x226efc0_0 .alias "clk", 0 0, v0x2277ba0_0;
v0x226f040_0 .alias "d", 7 0, v0x2274640_0;
v0x226f110_0 .alias "enable", 0 0, v0x2276bf0_0;
v0x226f190_0 .var "q", 7 0;
v0x226f210_0 .alias "reset", 0 0, v0x2278140_0;
S_0x226e9f0 .scope module, "salida2" "registroconenable" 5 91, 2 246, S_0x226e510;
 .timescale 0 0;
P_0x226eae8 .param/l "WIDTH" 2 246, +C4<01000>;
v0x226eb80_0 .alias "clk", 0 0, v0x2277ba0_0;
v0x226ec00_0 .alias "d", 7 0, v0x2274640_0;
v0x226ec80_0 .alias "enable", 0 0, v0x2276c70_0;
v0x226ed00_0 .var "q", 7 0;
v0x226ed80_0 .alias "reset", 0 0, v0x2278140_0;
S_0x226e600 .scope module, "salida3" "registroconenable" 5 92, 2 246, S_0x226e510;
 .timescale 0 0;
P_0x2262e58 .param/l "WIDTH" 2 246, +C4<01000>;
v0x226e750_0 .alias "clk", 0 0, v0x2277ba0_0;
v0x226e7f0_0 .alias "d", 7 0, v0x2274640_0;
v0x226e870_0 .alias "enable", 0 0, v0x2276d40_0;
v0x226e8f0_0 .var "q", 7 0;
v0x226e970_0 .alias "reset", 0 0, v0x2278140_0;
E_0x2269ea0 .event posedge, v0x226dfe0_0, v0x226da80_0;
S_0x226d990 .scope module, "uc1" "uc" 4 14, 8 1, S_0x226d8a0;
 .timescale -9 -11;
v0x226da80_0 .alias "clk", 0 0, v0x2277ba0_0;
v0x226db00_0 .var "enable0", 0 0;
v0x226db80_0 .var "enable1", 0 0;
v0x226dc00_0 .var "enable2", 0 0;
v0x226dc80_0 .var "enable3", 0 0;
v0x226dd00_0 .var "enablebackup", 0 0;
v0x226dd80_0 .alias "op", 2 0, v0x2276e40_0;
v0x226de00_0 .alias "opcode", 5 0, v0x2276ec0_0;
v0x226de80_0 .alias "puerto1", 1 0, v0x2276f40_0;
v0x226df00_0 .alias "puerto2", 1 0, v0x2277010_0;
v0x226dfe0_0 .alias "reset", 0 0, v0x2278140_0;
v0x226e060_0 .var "s_inc", 0 0;
v0x226e0e0_0 .var "s_inm", 0 0;
v0x226e160_0 .var "s_rel", 0 0;
v0x226e260_0 .var "s_ret", 0 0;
v0x226e2e0_0 .var "selentrada", 0 0;
v0x226e1e0_0 .var "selsalida", 0 0;
v0x226e3f0_0 .var "we3", 0 0;
v0x226e360_0 .alias "z", 0 0, v0x2277870_0;
E_0x22662f0/0 .event edge, v0x226dfe0_0, v0x226de00_0, v0x226e360_0, v0x226de80_0;
E_0x22662f0/1 .event edge, v0x226df00_0;
E_0x22662f0 .event/or E_0x22662f0/0, E_0x22662f0/1;
L_0x227e580 .part L_0x227baa0, 0, 3;
S_0x226d530 .scope module, "deco1" "deco4a7" 9 24, 2 18, S_0x222c6f0;
 .timescale 0 0;
v0x226d620_0 .alias "binario", 3 0, v0x2277aa0_0;
v0x226d6a0_0 .alias "display1", 6 0, v0x2277c20_0;
v0x226d720_0 .alias "display2", 6 0, v0x2277ca0_0;
v0x226d7a0_0 .var "salida1", 6 0;
v0x226d820_0 .var "salida2", 6 0;
E_0x2264c80 .event edge, v0x226d620_0;
S_0x226d1c0 .scope module, "deco2" "deco4a7" 9 25, 2 18, S_0x222c6f0;
 .timescale 0 0;
v0x226d2b0_0 .alias "binario", 3 0, v0x2277b20_0;
v0x226d330_0 .alias "display1", 6 0, v0x2277c20_0;
v0x226d3b0_0 .alias "display2", 6 0, v0x2277ca0_0;
v0x226d430_0 .var "salida1", 6 0;
v0x226d4b0_0 .var "salida2", 6 0;
E_0x2268ac0 .event edge, v0x226d2b0_0;
S_0x222c400 .scope module, "selectordepuerto" "selectordepuerto" 2 224;
 .timescale 0 0;
v0x2278450_0 .net *"_s1", 3 0, L_0x227e980; 1 drivers
v0x22784d0_0 .net/s *"_s10", 0 0, C4<1>; 1 drivers
v0x2278550_0 .net/s *"_s12", 0 0, C4<0>; 1 drivers
v0x22785d0_0 .net *"_s2", 12 0, L_0x227ea20; 1 drivers
v0x2278650_0 .net *"_s5", 8 0, C4<000000000>; 1 drivers
v0x22786d0_0 .net *"_s6", 12 0, C4<0010001010111>; 1 drivers
v0x2278750_0 .net *"_s8", 0 0, L_0x227d8b0; 1 drivers
v0x22787d0_0 .net "opcode", 5 0, C4<zzzzzz>; 0 drivers
v0x2278850_0 .net "y", 0 0, L_0x227eac0; 1 drivers
L_0x227e980 .part C4<zzzzzz>, 0, 4;
L_0x227ea20 .concat [ 4 9 0 0], L_0x227e980, C4<000000000>;
L_0x227d8b0 .cmp/eq 13, L_0x227ea20, C4<0010001010111>;
L_0x227eac0 .functor MUXZ 1, C4<0>, C4<1>, L_0x227d8b0, C4<>;
S_0x2238c10 .scope module, "sumrest" "sumrest" 2 217;
 .timescale 0 0;
v0x22788d0_0 .net *"_s0", 2 0, L_0x227ed60; 1 drivers
v0x2278950_0 .net *"_s10", 9 0, L_0x227f080; 1 drivers
v0x22789d0_0 .net *"_s3", 1 0, C4<00>; 1 drivers
v0x2278a50_0 .net *"_s4", 2 0, C4<001>; 1 drivers
v0x2278ad0_0 .net *"_s6", 0 0, L_0x227ec20; 1 drivers
v0x2278b50_0 .net *"_s8", 9 0, L_0x227efe0; 1 drivers
v0x2278bd0_0 .net "a", 9 0, C4<zzzzzzzzzz>; 0 drivers
v0x2278c50_0 .net "b", 9 0, C4<zzzzzzzzzz>; 0 drivers
v0x2278d20_0 .net "resta", 0 0, C4<z>; 0 drivers
v0x2278da0_0 .net "y", 9 0, L_0x227f1c0; 1 drivers
L_0x227ed60 .concat [ 1 2 0 0], C4<z>, C4<00>;
L_0x227ec20 .cmp/eq 3, L_0x227ed60, C4<001>;
L_0x227efe0 .arith/sub 10, C4<zzzzzzzzzz>, C4<zzzzzzzzzz>;
L_0x227f080 .arith/sum 10, C4<zzzzzzzzzz>, C4<zzzzzzzzzz>;
L_0x227f1c0 .functor MUXZ 10, L_0x227f080, L_0x227efe0, L_0x227ec20, C4<>;
    .scope S_0x2237450;
T_0 ;
    %wait E_0x224caa0;
    %load/v 8, v0x21cad30_0, 3;
    %cmpi/u 8, 0, 3;
    %jmp/1 T_0.0, 6;
    %cmpi/u 8, 1, 3;
    %jmp/1 T_0.1, 6;
    %cmpi/u 8, 2, 3;
    %jmp/1 T_0.2, 6;
    %cmpi/u 8, 3, 3;
    %jmp/1 T_0.3, 6;
    %cmpi/u 8, 4, 3;
    %jmp/1 T_0.4, 6;
    %cmpi/u 8, 5, 3;
    %jmp/1 T_0.5, 6;
    %cmpi/u 8, 6, 3;
    %jmp/1 T_0.6, 6;
    %cmpi/u 8, 7, 3;
    %jmp/1 T_0.7, 6;
    %jmp T_0.8;
T_0.0 ;
    %movi 8, 63, 7;
    %ix/load 0, 7, 0;
    %assign/v0 v0x2261e30_0, 0, 8;
    %jmp T_0.8;
T_0.1 ;
    %movi 8, 6, 7;
    %ix/load 0, 7, 0;
    %assign/v0 v0x2261e30_0, 0, 8;
    %jmp T_0.8;
T_0.2 ;
    %movi 8, 91, 7;
    %ix/load 0, 7, 0;
    %assign/v0 v0x2261e30_0, 0, 8;
    %jmp T_0.8;
T_0.3 ;
    %movi 8, 79, 7;
    %ix/load 0, 7, 0;
    %assign/v0 v0x2261e30_0, 0, 8;
    %jmp T_0.8;
T_0.4 ;
    %movi 8, 102, 7;
    %ix/load 0, 7, 0;
    %assign/v0 v0x2261e30_0, 0, 8;
    %jmp T_0.8;
T_0.5 ;
    %movi 8, 109, 7;
    %ix/load 0, 7, 0;
    %assign/v0 v0x2261e30_0, 0, 8;
    %jmp T_0.8;
T_0.6 ;
    %movi 8, 125, 7;
    %ix/load 0, 7, 0;
    %assign/v0 v0x2261e30_0, 0, 8;
    %jmp T_0.8;
T_0.7 ;
    %movi 8, 7, 7;
    %ix/load 0, 7, 0;
    %assign/v0 v0x2261e30_0, 0, 8;
    %jmp T_0.8;
T_0.8 ;
    %jmp T_0;
    .thread T_0, $push;
    .scope S_0x221ac10;
T_1 ;
    %wait E_0x2261ed0;
    %load/v 8, v0x22621f0_0, 2;
    %cmpi/u 8, 0, 2;
    %jmp/1 T_1.0, 6;
    %cmpi/u 8, 1, 2;
    %jmp/1 T_1.1, 6;
    %cmpi/u 8, 2, 2;
    %jmp/1 T_1.2, 6;
    %cmpi/u 8, 3, 2;
    %jmp/1 T_1.3, 6;
    %jmp T_1.4;
T_1.0 ;
    %load/v 8, v0x2262290_0, 8;
    %set/v v0x2261f40_0, 8, 8;
    %mov 8, 2, 1;
    %movi 9, 0, 7;
    %set/v v0x2262000_0, 8, 8;
    %mov 16, 2, 1;
    %movi 17, 0, 7;
    %set/v v0x22620a0_0, 16, 8;
    %mov 24, 2, 1;
    %movi 25, 0, 7;
    %set/v v0x2262140_0, 24, 8;
    %jmp T_1.4;
T_1.1 ;
    %mov 8, 2, 1;
    %movi 9, 0, 7;
    %set/v v0x2261f40_0, 8, 8;
    %load/v 16, v0x2262290_0, 8;
    %set/v v0x2262000_0, 16, 8;
    %mov 16, 2, 1;
    %movi 17, 0, 7;
    %set/v v0x22620a0_0, 16, 8;
    %mov 24, 2, 1;
    %movi 25, 0, 7;
    %set/v v0x2262140_0, 24, 8;
    %jmp T_1.4;
T_1.2 ;
    %mov 8, 2, 1;
    %movi 9, 0, 7;
    %set/v v0x2261f40_0, 8, 8;
    %mov 16, 2, 1;
    %movi 17, 0, 7;
    %set/v v0x2262000_0, 16, 8;
    %load/v 24, v0x2262290_0, 8;
    %set/v v0x22620a0_0, 24, 8;
    %mov 24, 2, 1;
    %movi 25, 0, 7;
    %set/v v0x2262140_0, 24, 8;
    %jmp T_1.4;
T_1.3 ;
    %mov 8, 2, 1;
    %movi 9, 0, 7;
    %set/v v0x2261f40_0, 8, 8;
    %mov 16, 2, 1;
    %movi 17, 0, 7;
    %set/v v0x2262000_0, 16, 8;
    %mov 24, 2, 1;
    %movi 25, 0, 7;
    %set/v v0x22620a0_0, 24, 8;
    %load/v 32, v0x2262290_0, 8;
    %set/v v0x2262140_0, 32, 8;
    %jmp T_1.4;
T_1.4 ;
    %jmp T_1;
    .thread T_1, $push;
    .scope S_0x2268320;
T_2 ;
    %wait E_0x2262820;
    %load/v 8, v0x2268750_0, 1;
    %jmp/0xz  T_2.0, 8;
    %ix/load 0, 10, 0;
    %assign/v0 v0x2268670_0, 0, 0;
    %jmp T_2.1;
T_2.0 ;
    %load/v 8, v0x22685c0_0, 1;
    %jmp/0xz  T_2.2, 8;
    %load/v 8, v0x2268510_0, 10;
    %ix/load 0, 10, 0;
    %assign/v0 v0x2268670_0, 0, 8;
T_2.2 ;
T_2.1 ;
    %jmp T_2;
    .thread T_2;
    .scope S_0x2267b40;
T_3 ;
    %wait E_0x2262820;
    %load/v 8, v0x2267f50_0, 1;
    %jmp/0xz  T_3.0, 8;
    %ix/load 0, 10, 0;
    %assign/v0 v0x2267ea0_0, 0, 0;
    %jmp T_3.1;
T_3.0 ;
    %load/v 8, v0x2264490_0, 10;
    %ix/load 0, 10, 0;
    %assign/v0 v0x2267ea0_0, 0, 8;
T_3.1 ;
    %jmp T_3;
    .thread T_3;
    .scope S_0x2267760;
T_4 ;
    %vpi_call 6 11 "$readmemb", "progfile.dat", v0x2267a10;
    %end;
    .thread T_4;
    .scope S_0x2266510;
T_5 ;
    %wait E_0x2266600;
    %load/v 8, v0x22671b0_0, 1;
    %jmp/0xz  T_5.0, 8;
    %load/v 8, v0x2267250_0, 8;
    %ix/getv 3, v0x22670a0_0;
    %jmp/1 t_0, 4;
    %ix/load 0, 8, 0; word width
    %ix/load 1, 0, 0; part off
    %assign/av v0x2267130, 0, 8;
t_0 ;
T_5.0 ;
    %jmp T_5;
    .thread T_5;
    .scope S_0x2265f30;
T_6 ;
    %wait E_0x2266020;
    %load/v 8, v0x2266240_0, 3;
    %cmpi/u 8, 0, 3;
    %jmp/1 T_6.0, 6;
    %cmpi/u 8, 1, 3;
    %jmp/1 T_6.1, 6;
    %cmpi/u 8, 2, 3;
    %jmp/1 T_6.2, 6;
    %cmpi/u 8, 3, 3;
    %jmp/1 T_6.3, 6;
    %cmpi/u 8, 4, 3;
    %jmp/1 T_6.4, 6;
    %cmpi/u 8, 5, 3;
    %jmp/1 T_6.5, 6;
    %cmpi/u 8, 6, 3;
    %jmp/1 T_6.6, 6;
    %cmpi/u 8, 7, 3;
    %jmp/1 T_6.7, 6;
    %set/v v0x2266320_0, 2, 8;
    %jmp T_6.9;
T_6.0 ;
    %load/v 8, v0x22660f0_0, 8;
    %set/v v0x2266320_0, 8, 8;
    %jmp T_6.9;
T_6.1 ;
    %load/v 8, v0x22660f0_0, 8;
    %inv 8, 8;
    %set/v v0x2266320_0, 8, 8;
    %jmp T_6.9;
T_6.2 ;
    %load/v 8, v0x22660f0_0, 8;
    %load/v 16, v0x2266190_0, 8;
    %add 8, 16, 8;
    %set/v v0x2266320_0, 8, 8;
    %jmp T_6.9;
T_6.3 ;
    %load/v 8, v0x22660f0_0, 8;
    %load/v 16, v0x2266190_0, 8;
    %sub 8, 16, 8;
    %set/v v0x2266320_0, 8, 8;
    %jmp T_6.9;
T_6.4 ;
    %load/v 8, v0x22660f0_0, 8;
    %load/v 16, v0x2266190_0, 8;
    %and 8, 16, 8;
    %set/v v0x2266320_0, 8, 8;
    %jmp T_6.9;
T_6.5 ;
    %load/v 8, v0x22660f0_0, 8;
    %load/v 16, v0x2266190_0, 8;
    %or 8, 16, 8;
    %set/v v0x2266320_0, 8, 8;
    %jmp T_6.9;
T_6.6 ;
    %load/v 8, v0x22660f0_0, 8;
    %inv 8, 8;
    %addi 8, 1, 8;
    %set/v v0x2266320_0, 8, 8;
    %jmp T_6.9;
T_6.7 ;
    %load/v 8, v0x2266190_0, 8;
    %inv 8, 8;
    %addi 8, 1, 8;
    %set/v v0x2266320_0, 8, 8;
    %jmp T_6.9;
T_6.9 ;
    %jmp T_6;
    .thread T_6, $push;
    .scope S_0x2265700;
T_7 ;
    %wait E_0x2262820;
    %load/v 8, v0x2265a40_0, 1;
    %jmp/0xz  T_7.0, 8;
    %ix/load 0, 1, 0;
    %assign/v0 v0x2265990_0, 0, 0;
    %jmp T_7.1;
T_7.0 ;
    %load/v 8, v0x22658f0_0, 1;
    %ix/load 0, 1, 0;
    %assign/v0 v0x2265990_0, 0, 8;
T_7.1 ;
    %jmp T_7;
    .thread T_7;
    .scope S_0x2264810;
T_8 ;
    %wait E_0x22649a0;
    %load/v 8, v0x2264cb0_0, 2;
    %cmpi/u 8, 0, 2;
    %jmp/1 T_8.0, 6;
    %cmpi/u 8, 1, 2;
    %jmp/1 T_8.1, 6;
    %cmpi/u 8, 2, 2;
    %jmp/1 T_8.2, 6;
    %cmpi/u 8, 3, 2;
    %jmp/1 T_8.3, 6;
    %jmp T_8.4;
T_8.0 ;
    %load/v 8, v0x2264a00_0, 8;
    %set/v v0x2264d50_0, 8, 8;
    %jmp T_8.4;
T_8.1 ;
    %load/v 8, v0x2264ac0_0, 8;
    %set/v v0x2264d50_0, 8, 8;
    %jmp T_8.4;
T_8.2 ;
    %load/v 8, v0x2264b60_0, 8;
    %set/v v0x2264d50_0, 8, 8;
    %jmp T_8.4;
T_8.3 ;
    %load/v 8, v0x2264c00_0, 8;
    %set/v v0x2264d50_0, 8, 8;
    %jmp T_8.4;
T_8.4 ;
    %jmp T_8;
    .thread T_8, $push;
    .scope S_0x2264280;
T_9 ;
    %wait E_0x2262820;
    %load/v 8, v0x2264700_0, 1;
    %jmp/0xz  T_9.0, 8;
    %ix/load 0, 8, 0;
    %assign/v0 v0x2264650_0, 0, 0;
    %jmp T_9.1;
T_9.0 ;
    %load/v 8, v0x22645a0_0, 1;
    %jmp/0xz  T_9.2, 8;
    %load/v 8, v0x2264520_0, 8;
    %ix/load 0, 8, 0;
    %assign/v0 v0x2264650_0, 0, 8;
T_9.2 ;
T_9.1 ;
    %jmp T_9;
    .thread T_9;
    .scope S_0x2263e40;
T_10 ;
    %wait E_0x2262820;
    %load/v 8, v0x2264200_0, 1;
    %jmp/0xz  T_10.0, 8;
    %ix/load 0, 8, 0;
    %assign/v0 v0x2264180_0, 0, 0;
    %jmp T_10.1;
T_10.0 ;
    %load/v 8, v0x2264100_0, 1;
    %jmp/0xz  T_10.2, 8;
    %load/v 8, v0x2264030_0, 8;
    %ix/load 0, 8, 0;
    %assign/v0 v0x2264180_0, 0, 8;
T_10.2 ;
T_10.1 ;
    %jmp T_10;
    .thread T_10;
    .scope S_0x22639a0;
T_11 ;
    %wait E_0x2262820;
    %load/v 8, v0x2263d70_0, 1;
    %jmp/0xz  T_11.0, 8;
    %ix/load 0, 8, 0;
    %assign/v0 v0x2263cc0_0, 0, 0;
    %jmp T_11.1;
T_11.0 ;
    %load/v 8, v0x2263c10_0, 1;
    %jmp/0xz  T_11.2, 8;
    %load/v 8, v0x2263b90_0, 8;
    %ix/load 0, 8, 0;
    %assign/v0 v0x2263cc0_0, 0, 8;
T_11.2 ;
T_11.1 ;
    %jmp T_11;
    .thread T_11;
    .scope S_0x22634f0;
T_12 ;
    %wait E_0x2262820;
    %load/v 8, v0x22638f0_0, 1;
    %jmp/0xz  T_12.0, 8;
    %ix/load 0, 8, 0;
    %assign/v0 v0x2263840_0, 0, 0;
    %jmp T_12.1;
T_12.0 ;
    %load/v 8, v0x2263790_0, 1;
    %jmp/0xz  T_12.2, 8;
    %load/v 8, v0x2263710_0, 8;
    %ix/load 0, 8, 0;
    %assign/v0 v0x2263840_0, 0, 8;
T_12.2 ;
T_12.1 ;
    %jmp T_12;
    .thread T_12;
    .scope S_0x2262460;
T_13 ;
    %wait E_0x22621c0;
    %ix/load 0, 1, 0;
    %assign/v0 v0x2262660_0, 0, 0;
    %ix/load 0, 1, 0;
    %assign/v0 v0x2262700_0, 0, 0;
    %ix/load 0, 1, 0;
    %assign/v0 v0x22627a0_0, 0, 0;
    %ix/load 0, 1, 0;
    %assign/v0 v0x2262850_0, 0, 0;
    %load/v 8, v0x2262d00_0, 1;
    %jmp/0xz  T_13.0, 8;
    %ix/load 0, 1, 0;
    %assign/v0 v0x2263260_0, 0, 0;
    %ix/load 0, 1, 0;
    %assign/v0 v0x2262eb0_0, 0, 0;
    %ix/load 0, 1, 0;
    %assign/v0 v0x2262da0_0, 0, 1;
    %ix/load 0, 1, 0;
    %assign/v0 v0x2263110_0, 0, 0;
    %ix/load 0, 1, 0;
    %assign/v0 v0x2262fd0_0, 0, 0;
    %ix/load 0, 1, 0;
    %assign/v0 v0x2262f50_0, 0, 0;
    %ix/load 0, 1, 0;
    %assign/v0 v0x2263070_0, 0, 0;
    %ix/load 0, 1, 0;
    %assign/v0 v0x22628f0_0, 0, 0;
    %jmp T_13.1;
T_13.0 ;
    %load/v 8, v0x2262a70_0, 6;
    %mov 14, 2, 3;
    %movi 17, 0, 1;
    %mov 18, 2, 2;
    %cmp/x 8, 14, 6;
    %jmp/1 T_13.2, 4;
    %movi 20, 8, 4;
    %mov 24, 2, 2;
    %cmp/x 8, 20, 6;
    %jmp/1 T_13.3, 4;
    %movi 26, 9, 6;
    %cmp/x 8, 26, 6;
    %jmp/1 T_13.4, 4;
    %movi 26, 10, 6;
    %cmp/x 8, 26, 6;
    %jmp/1 T_13.5, 4;
    %movi 26, 11, 6;
    %cmp/x 8, 26, 6;
    %jmp/1 T_13.6, 4;
    %movi 26, 12, 6;
    %cmp/x 8, 26, 6;
    %jmp/1 T_13.7, 4;
    %movi 26, 13, 6;
    %cmp/x 8, 26, 6;
    %jmp/1 T_13.8, 4;
    %movi 26, 14, 6;
    %cmp/x 8, 26, 6;
    %jmp/1 T_13.9, 4;
    %movi 26, 15, 4;
    %mov 30, 2, 2;
    %cmp/x 8, 26, 6;
    %jmp/1 T_13.10, 4;
    %movi 32, 25, 6;
    %cmp/x 8, 32, 6;
    %jmp/1 T_13.11, 4;
    %movi 32, 26, 6;
    %cmp/x 8, 32, 6;
    %jmp/1 T_13.12, 4;
    %movi 32, 27, 6;
    %cmp/x 8, 32, 6;
    %jmp/1 T_13.13, 4;
    %ix/load 0, 1, 0;
    %assign/v0 v0x2263260_0, 0, 0;
    %ix/load 0, 1, 0;
    %assign/v0 v0x2262eb0_0, 0, 0;
    %ix/load 0, 1, 0;
    %assign/v0 v0x2262da0_0, 0, 1;
    %ix/load 0, 1, 0;
    %assign/v0 v0x2263110_0, 0, 0;
    %ix/load 0, 1, 0;
    %assign/v0 v0x2262fd0_0, 0, 0;
    %ix/load 0, 1, 0;
    %assign/v0 v0x2262f50_0, 0, 0;
    %ix/load 0, 1, 0;
    %assign/v0 v0x2263070_0, 0, 0;
    %ix/load 0, 1, 0;
    %assign/v0 v0x22628f0_0, 0, 0;
    %jmp T_13.15;
T_13.2 ;
    %ix/load 0, 1, 0;
    %assign/v0 v0x2263260_0, 0, 1;
    %ix/load 0, 1, 0;
    %assign/v0 v0x2262da0_0, 0, 1;
    %ix/load 0, 1, 0;
    %assign/v0 v0x2262eb0_0, 0, 0;
    %ix/load 0, 1, 0;
    %assign/v0 v0x2263110_0, 0, 0;
    %ix/load 0, 1, 0;
    %assign/v0 v0x2262fd0_0, 0, 0;
    %ix/load 0, 1, 0;
    %assign/v0 v0x2262f50_0, 0, 0;
    %ix/load 0, 1, 0;
    %assign/v0 v0x2263070_0, 0, 0;
    %ix/load 0, 1, 0;
    %assign/v0 v0x22628f0_0, 0, 0;
    %jmp T_13.15;
T_13.3 ;
    %ix/load 0, 1, 0;
    %assign/v0 v0x2263260_0, 0, 1;
    %ix/load 0, 1, 0;
    %assign/v0 v0x2262da0_0, 0, 1;
    %ix/load 0, 1, 0;
    %assign/v0 v0x2262eb0_0, 0, 1;
    %ix/load 0, 1, 0;
    %assign/v0 v0x2263110_0, 0, 0;
    %ix/load 0, 1, 0;
    %assign/v0 v0x2262fd0_0, 0, 0;
    %ix/load 0, 1, 0;
    %assign/v0 v0x2262f50_0, 0, 0;
    %ix/load 0, 1, 0;
    %assign/v0 v0x2263070_0, 0, 0;
    %ix/load 0, 1, 0;
    %assign/v0 v0x22628f0_0, 0, 0;
    %jmp T_13.15;
T_13.4 ;
    %ix/load 0, 1, 0;
    %assign/v0 v0x2263260_0, 0, 0;
    %ix/load 0, 1, 0;
    %assign/v0 v0x2262da0_0, 0, 0;
    %ix/load 0, 1, 0;
    %assign/v0 v0x2262eb0_0, 0, 0;
    %ix/load 0, 1, 0;
    %assign/v0 v0x2263110_0, 0, 0;
    %ix/load 0, 1, 0;
    %assign/v0 v0x2262fd0_0, 0, 0;
    %ix/load 0, 1, 0;
    %assign/v0 v0x2262f50_0, 0, 0;
    %ix/load 0, 1, 0;
    %assign/v0 v0x2263070_0, 0, 0;
    %ix/load 0, 1, 0;
    %assign/v0 v0x22628f0_0, 0, 0;
    %jmp T_13.15;
T_13.5 ;
    %ix/load 0, 1, 0;
    %assign/v0 v0x2263260_0, 0, 0;
    %ix/load 0, 1, 0;
    %assign/v0 v0x2262eb0_0, 0, 0;
    %ix/load 0, 1, 0;
    %assign/v0 v0x2263110_0, 0, 0;
    %ix/load 0, 1, 0;
    %assign/v0 v0x2262fd0_0, 0, 0;
    %ix/load 0, 1, 0;
    %assign/v0 v0x2262f50_0, 0, 0;
    %ix/load 0, 1, 0;
    %assign/v0 v0x2263070_0, 0, 0;
    %ix/load 0, 1, 0;
    %assign/v0 v0x22628f0_0, 0, 0;
    %load/v 8, v0x2263380_0, 1;
    %jmp/0xz  T_13.16, 8;
    %ix/load 0, 1, 0;
    %assign/v0 v0x2262da0_0, 0, 0;
    %jmp T_13.17;
T_13.16 ;
    %ix/load 0, 1, 0;
    %assign/v0 v0x2262da0_0, 0, 1;
T_13.17 ;
    %jmp T_13.15;
T_13.6 ;
    %ix/load 0, 1, 0;
    %assign/v0 v0x2263260_0, 0, 0;
    %ix/load 0, 1, 0;
    %assign/v0 v0x2262eb0_0, 0, 0;
    %ix/load 0, 1, 0;
    %assign/v0 v0x2263110_0, 0, 0;
    %ix/load 0, 1, 0;
    %assign/v0 v0x2262fd0_0, 0, 0;
    %ix/load 0, 1, 0;
    %assign/v0 v0x2262f50_0, 0, 0;
    %ix/load 0, 1, 0;
    %assign/v0 v0x2263070_0, 0, 0;
    %ix/load 0, 1, 0;
    %assign/v0 v0x22628f0_0, 0, 0;
    %load/v 8, v0x2263380_0, 1;
    %cmpi/u 8, 1, 1;
    %inv 4, 1;
    %jmp/0xz  T_13.18, 4;
    %ix/load 0, 1, 0;
    %assign/v0 v0x2262da0_0, 0, 0;
    %jmp T_13.19;
T_13.18 ;
    %ix/load 0, 1, 0;
    %assign/v0 v0x2262da0_0, 0, 1;
T_13.19 ;
    %jmp T_13.15;
T_13.7 ;
    %ix/load 0, 1, 0;
    %assign/v0 v0x2263260_0, 0, 1;
    %ix/load 0, 1, 0;
    %assign/v0 v0x2262da0_0, 0, 1;
    %ix/load 0, 1, 0;
    %assign/v0 v0x2262eb0_0, 0, 0;
    %ix/load 0, 1, 0;
    %assign/v0 v0x2263110_0, 0, 1;
    %ix/load 0, 1, 0;
    %assign/v0 v0x2262fd0_0, 0, 0;
    %ix/load 0, 1, 0;
    %assign/v0 v0x2262f50_0, 0, 0;
    %ix/load 0, 1, 0;
    %assign/v0 v0x2263070_0, 0, 0;
    %ix/load 0, 1, 0;
    %assign/v0 v0x22628f0_0, 0, 0;
    %jmp T_13.15;
T_13.8 ;
    %ix/load 0, 1, 0;
    %assign/v0 v0x2263260_0, 0, 0;
    %ix/load 0, 1, 0;
    %assign/v0 v0x2262da0_0, 0, 1;
    %ix/load 0, 1, 0;
    %assign/v0 v0x2262eb0_0, 0, 0;
    %ix/load 0, 1, 0;
    %assign/v0 v0x2263110_0, 0, 0;
    %ix/load 0, 1, 0;
    %assign/v0 v0x2262fd0_0, 0, 1;
    %ix/load 0, 1, 0;
    %assign/v0 v0x2262f50_0, 0, 0;
    %ix/load 0, 1, 0;
    %assign/v0 v0x2263070_0, 0, 0;
    %ix/load 0, 1, 0;
    %assign/v0 v0x22628f0_0, 0, 0;
    %load/v 8, v0x2262b60_0, 2;
    %cmpi/u 8, 0, 2;
    %jmp/1 T_13.20, 6;
    %cmpi/u 8, 1, 2;
    %jmp/1 T_13.21, 6;
    %cmpi/u 8, 2, 2;
    %jmp/1 T_13.22, 6;
    %cmpi/u 8, 3, 2;
    %jmp/1 T_13.23, 6;
    %jmp T_13.24;
T_13.20 ;
    %ix/load 0, 1, 0;
    %assign/v0 v0x2262660_0, 0, 1;
    %jmp T_13.24;
T_13.21 ;
    %ix/load 0, 1, 0;
    %assign/v0 v0x2262700_0, 0, 1;
    %jmp T_13.24;
T_13.22 ;
    %ix/load 0, 1, 0;
    %assign/v0 v0x22627a0_0, 0, 1;
    %jmp T_13.24;
T_13.23 ;
    %ix/load 0, 1, 0;
    %assign/v0 v0x2262850_0, 0, 1;
    %jmp T_13.24;
T_13.24 ;
    %jmp T_13.15;
T_13.9 ;
    %ix/load 0, 1, 0;
    %assign/v0 v0x2263260_0, 0, 0;
    %ix/load 0, 1, 0;
    %assign/v0 v0x2262da0_0, 0, 1;
    %ix/load 0, 1, 0;
    %assign/v0 v0x2262eb0_0, 0, 0;
    %ix/load 0, 1, 0;
    %assign/v0 v0x2263110_0, 0, 0;
    %ix/load 0, 1, 0;
    %assign/v0 v0x2262fd0_0, 0, 0;
    %ix/load 0, 1, 0;
    %assign/v0 v0x2262f50_0, 0, 0;
    %ix/load 0, 1, 0;
    %assign/v0 v0x2263070_0, 0, 0;
    %ix/load 0, 1, 0;
    %assign/v0 v0x22628f0_0, 0, 0;
    %load/v 8, v0x2262b60_0, 2;
    %cmpi/u 8, 0, 2;
    %jmp/1 T_13.25, 6;
    %cmpi/u 8, 1, 2;
    %jmp/1 T_13.26, 6;
    %cmpi/u 8, 2, 2;
    %jmp/1 T_13.27, 6;
    %cmpi/u 8, 3, 2;
    %jmp/1 T_13.28, 6;
    %jmp T_13.29;
T_13.25 ;
    %ix/load 0, 1, 0;
    %assign/v0 v0x2262660_0, 0, 1;
    %jmp T_13.29;
T_13.26 ;
    %ix/load 0, 1, 0;
    %assign/v0 v0x2262700_0, 0, 1;
    %jmp T_13.29;
T_13.27 ;
    %ix/load 0, 1, 0;
    %assign/v0 v0x22627a0_0, 0, 1;
    %jmp T_13.29;
T_13.28 ;
    %ix/load 0, 1, 0;
    %assign/v0 v0x2262850_0, 0, 1;
    %jmp T_13.29;
T_13.29 ;
    %jmp T_13.15;
T_13.10 ;
    %ix/load 0, 1, 0;
    %assign/v0 v0x2263260_0, 0, 0;
    %ix/load 0, 1, 0;
    %assign/v0 v0x2262da0_0, 0, 1;
    %ix/load 0, 1, 0;
    %assign/v0 v0x2262eb0_0, 0, 0;
    %ix/load 0, 1, 0;
    %assign/v0 v0x2263110_0, 0, 0;
    %ix/load 0, 1, 0;
    %assign/v0 v0x2262fd0_0, 0, 1;
    %ix/load 0, 1, 0;
    %assign/v0 v0x2262f50_0, 0, 0;
    %ix/load 0, 1, 0;
    %assign/v0 v0x2263070_0, 0, 0;
    %ix/load 0, 1, 0;
    %assign/v0 v0x22628f0_0, 0, 0;
    %load/v 8, v0x2262c00_0, 2;
    %cmpi/u 8, 0, 2;
    %jmp/1 T_13.30, 6;
    %cmpi/u 8, 1, 2;
    %jmp/1 T_13.31, 6;
    %cmpi/u 8, 2, 2;
    %jmp/1 T_13.32, 6;
    %cmpi/u 8, 3, 2;
    %jmp/1 T_13.33, 6;
    %jmp T_13.34;
T_13.30 ;
    %ix/load 0, 1, 0;
    %assign/v0 v0x2262660_0, 0, 1;
    %jmp T_13.34;
T_13.31 ;
    %ix/load 0, 1, 0;
    %assign/v0 v0x2262700_0, 0, 1;
    %jmp T_13.34;
T_13.32 ;
    %ix/load 0, 1, 0;
    %assign/v0 v0x22627a0_0, 0, 1;
    %jmp T_13.34;
T_13.33 ;
    %ix/load 0, 1, 0;
    %assign/v0 v0x2262850_0, 0, 1;
    %jmp T_13.34;
T_13.34 ;
    %jmp T_13.15;
T_13.11 ;
    %ix/load 0, 1, 0;
    %assign/v0 v0x2263260_0, 0, 0;
    %ix/load 0, 1, 0;
    %assign/v0 v0x2262da0_0, 0, 1;
    %ix/load 0, 1, 0;
    %assign/v0 v0x2262eb0_0, 0, 0;
    %ix/load 0, 1, 0;
    %assign/v0 v0x2263110_0, 0, 0;
    %ix/load 0, 1, 0;
    %assign/v0 v0x2262fd0_0, 0, 0;
    %ix/load 0, 1, 0;
    %assign/v0 v0x2262f50_0, 0, 1;
    %ix/load 0, 1, 0;
    %assign/v0 v0x2263070_0, 0, 0;
    %ix/load 0, 1, 0;
    %assign/v0 v0x22628f0_0, 0, 0;
    %jmp T_13.15;
T_13.12 ;
    %ix/load 0, 1, 0;
    %assign/v0 v0x2263260_0, 0, 0;
    %ix/load 0, 1, 0;
    %assign/v0 v0x2262da0_0, 0, 0;
    %ix/load 0, 1, 0;
    %assign/v0 v0x2262eb0_0, 0, 0;
    %ix/load 0, 1, 0;
    %assign/v0 v0x2263110_0, 0, 0;
    %ix/load 0, 1, 0;
    %assign/v0 v0x2262fd0_0, 0, 0;
    %ix/load 0, 1, 0;
    %assign/v0 v0x2262f50_0, 0, 0;
    %ix/load 0, 1, 0;
    %assign/v0 v0x2263070_0, 0, 0;
    %ix/load 0, 1, 0;
    %assign/v0 v0x22628f0_0, 0, 1;
    %jmp T_13.15;
T_13.13 ;
    %ix/load 0, 1, 0;
    %assign/v0 v0x2263260_0, 0, 0;
    %ix/load 0, 1, 0;
    %assign/v0 v0x2262da0_0, 0, 0;
    %ix/load 0, 1, 0;
    %assign/v0 v0x2262eb0_0, 0, 0;
    %ix/load 0, 1, 0;
    %assign/v0 v0x2263110_0, 0, 0;
    %ix/load 0, 1, 0;
    %assign/v0 v0x2262fd0_0, 0, 0;
    %ix/load 0, 1, 0;
    %assign/v0 v0x2262f50_0, 0, 0;
    %ix/load 0, 1, 0;
    %assign/v0 v0x2263070_0, 0, 1;
    %ix/load 0, 1, 0;
    %assign/v0 v0x22628f0_0, 0, 0;
    %jmp T_13.15;
T_13.15 ;
T_13.1 ;
    %jmp T_13;
    .thread T_13, $push;
    .scope S_0x222eff0;
T_14 ;
    %set/v v0x226ccc0_0, 1, 1;
    %delay 4000, 0;
    %set/v v0x226ccc0_0, 0, 1;
    %delay 4000, 0;
    %jmp T_14;
    .thread T_14;
    .scope S_0x222eff0;
T_15 ;
    %vpi_call 3 17 "$monitor", "time=%0d, clk=%b, Reset=%b", $time, v0x226ccc0_0, v0x226cf40_0;
    %vpi_call 3 19 "$dumpfile", "monociclo_tb.vcd";
    %vpi_call 3 20 "$dumpvars";
    %movi 8, 3, 8;
    %set/v v0x226cd40_0, 8, 8;
    %movi 8, 2, 8;
    %set/v v0x226cdc0_0, 8, 8;
    %movi 8, 2, 8;
    %set/v v0x226ce40_0, 8, 8;
    %movi 8, 1, 8;
    %set/v v0x226cec0_0, 8, 8;
    %set/v v0x226cf40_0, 1, 1;
    %delay 500, 0;
    %set/v v0x226cf40_0, 0, 1;
    %delay 300000, 0;
    %vpi_call 3 33 "$finish";
    %end;
    .thread T_15;
    .scope S_0x2273230;
T_16 ;
    %wait E_0x2269ea0;
    %load/v 8, v0x2273660_0, 1;
    %jmp/0xz  T_16.0, 8;
    %ix/load 0, 10, 0;
    %assign/v0 v0x2273580_0, 0, 0;
    %jmp T_16.1;
T_16.0 ;
    %load/v 8, v0x22734d0_0, 1;
    %jmp/0xz  T_16.2, 8;
    %load/v 8, v0x2273420_0, 10;
    %ix/load 0, 10, 0;
    %assign/v0 v0x2273580_0, 0, 8;
T_16.2 ;
T_16.1 ;
    %jmp T_16;
    .thread T_16;
    .scope S_0x2272940;
T_17 ;
    %wait E_0x2269ea0;
    %load/v 8, v0x2272d50_0, 1;
    %jmp/0xz  T_17.0, 8;
    %ix/load 0, 10, 0;
    %assign/v0 v0x2272ca0_0, 0, 0;
    %jmp T_17.1;
T_17.0 ;
    %load/v 8, v0x226f4a0_0, 10;
    %ix/load 0, 10, 0;
    %assign/v0 v0x2272ca0_0, 0, 8;
T_17.1 ;
    %jmp T_17;
    .thread T_17;
    .scope S_0x2272560;
T_18 ;
    %vpi_call 6 11 "$readmemb", "progfile.dat", v0x2272810;
    %end;
    .thread T_18;
    .scope S_0x2271310;
T_19 ;
    %wait E_0x2271400;
    %load/v 8, v0x2271fb0_0, 1;
    %jmp/0xz  T_19.0, 8;
    %load/v 8, v0x2272050_0, 8;
    %ix/getv 3, v0x2271ea0_0;
    %jmp/1 t_1, 4;
    %ix/load 0, 8, 0; word width
    %ix/load 1, 0, 0; part off
    %assign/av v0x2271f30, 0, 8;
t_1 ;
T_19.0 ;
    %jmp T_19;
    .thread T_19;
    .scope S_0x2270d30;
T_20 ;
    %wait E_0x2270e20;
    %load/v 8, v0x2271040_0, 3;
    %cmpi/u 8, 0, 3;
    %jmp/1 T_20.0, 6;
    %cmpi/u 8, 1, 3;
    %jmp/1 T_20.1, 6;
    %cmpi/u 8, 2, 3;
    %jmp/1 T_20.2, 6;
    %cmpi/u 8, 3, 3;
    %jmp/1 T_20.3, 6;
    %cmpi/u 8, 4, 3;
    %jmp/1 T_20.4, 6;
    %cmpi/u 8, 5, 3;
    %jmp/1 T_20.5, 6;
    %cmpi/u 8, 6, 3;
    %jmp/1 T_20.6, 6;
    %cmpi/u 8, 7, 3;
    %jmp/1 T_20.7, 6;
    %set/v v0x2271120_0, 2, 8;
    %jmp T_20.9;
T_20.0 ;
    %load/v 8, v0x2270ef0_0, 8;
    %set/v v0x2271120_0, 8, 8;
    %jmp T_20.9;
T_20.1 ;
    %load/v 8, v0x2270ef0_0, 8;
    %inv 8, 8;
    %set/v v0x2271120_0, 8, 8;
    %jmp T_20.9;
T_20.2 ;
    %load/v 8, v0x2270ef0_0, 8;
    %load/v 16, v0x2270f90_0, 8;
    %add 8, 16, 8;
    %set/v v0x2271120_0, 8, 8;
    %jmp T_20.9;
T_20.3 ;
    %load/v 8, v0x2270ef0_0, 8;
    %load/v 16, v0x2270f90_0, 8;
    %sub 8, 16, 8;
    %set/v v0x2271120_0, 8, 8;
    %jmp T_20.9;
T_20.4 ;
    %load/v 8, v0x2270ef0_0, 8;
    %load/v 16, v0x2270f90_0, 8;
    %and 8, 16, 8;
    %set/v v0x2271120_0, 8, 8;
    %jmp T_20.9;
T_20.5 ;
    %load/v 8, v0x2270ef0_0, 8;
    %load/v 16, v0x2270f90_0, 8;
    %or 8, 16, 8;
    %set/v v0x2271120_0, 8, 8;
    %jmp T_20.9;
T_20.6 ;
    %load/v 8, v0x2270ef0_0, 8;
    %inv 8, 8;
    %addi 8, 1, 8;
    %set/v v0x2271120_0, 8, 8;
    %jmp T_20.9;
T_20.7 ;
    %load/v 8, v0x2270f90_0, 8;
    %inv 8, 8;
    %addi 8, 1, 8;
    %set/v v0x2271120_0, 8, 8;
    %jmp T_20.9;
T_20.9 ;
    %jmp T_20;
    .thread T_20, $push;
    .scope S_0x2270560;
T_21 ;
    %wait E_0x2269ea0;
    %load/v 8, v0x2270870_0, 1;
    %jmp/0xz  T_21.0, 8;
    %ix/load 0, 1, 0;
    %assign/v0 v0x22707f0_0, 0, 0;
    %jmp T_21.1;
T_21.0 ;
    %load/v 8, v0x2270750_0, 1;
    %ix/load 0, 1, 0;
    %assign/v0 v0x22707f0_0, 0, 8;
T_21.1 ;
    %jmp T_21;
    .thread T_21;
    .scope S_0x226f7c0;
T_22 ;
    %wait E_0x22682f0;
    %load/v 8, v0x226fbd0_0, 2;
    %cmpi/u 8, 0, 2;
    %jmp/1 T_22.0, 6;
    %cmpi/u 8, 1, 2;
    %jmp/1 T_22.1, 6;
    %cmpi/u 8, 2, 2;
    %jmp/1 T_22.2, 6;
    %cmpi/u 8, 3, 2;
    %jmp/1 T_22.3, 6;
    %jmp T_22.4;
T_22.0 ;
    %load/v 8, v0x226f950_0, 8;
    %set/v v0x226fc70_0, 8, 8;
    %jmp T_22.4;
T_22.1 ;
    %load/v 8, v0x226fa10_0, 8;
    %set/v v0x226fc70_0, 8, 8;
    %jmp T_22.4;
T_22.2 ;
    %load/v 8, v0x226fab0_0, 8;
    %set/v v0x226fc70_0, 8, 8;
    %jmp T_22.4;
T_22.3 ;
    %load/v 8, v0x226fb50_0, 8;
    %set/v v0x226fc70_0, 8, 8;
    %jmp T_22.4;
T_22.4 ;
    %jmp T_22;
    .thread T_22, $push;
    .scope S_0x226f290;
T_23 ;
    %wait E_0x2269ea0;
    %load/v 8, v0x226f6b0_0, 1;
    %jmp/0xz  T_23.0, 8;
    %ix/load 0, 8, 0;
    %assign/v0 v0x226f630_0, 0, 0;
    %jmp T_23.1;
T_23.0 ;
    %load/v 8, v0x226f5b0_0, 1;
    %jmp/0xz  T_23.2, 8;
    %load/v 8, v0x226f530_0, 8;
    %ix/load 0, 8, 0;
    %assign/v0 v0x226f630_0, 0, 8;
T_23.2 ;
T_23.1 ;
    %jmp T_23;
    .thread T_23;
    .scope S_0x226ee50;
T_24 ;
    %wait E_0x2269ea0;
    %load/v 8, v0x226f210_0, 1;
    %jmp/0xz  T_24.0, 8;
    %ix/load 0, 8, 0;
    %assign/v0 v0x226f190_0, 0, 0;
    %jmp T_24.1;
T_24.0 ;
    %load/v 8, v0x226f110_0, 1;
    %jmp/0xz  T_24.2, 8;
    %load/v 8, v0x226f040_0, 8;
    %ix/load 0, 8, 0;
    %assign/v0 v0x226f190_0, 0, 8;
T_24.2 ;
T_24.1 ;
    %jmp T_24;
    .thread T_24;
    .scope S_0x226e9f0;
T_25 ;
    %wait E_0x2269ea0;
    %load/v 8, v0x226ed80_0, 1;
    %jmp/0xz  T_25.0, 8;
    %ix/load 0, 8, 0;
    %assign/v0 v0x226ed00_0, 0, 0;
    %jmp T_25.1;
T_25.0 ;
    %load/v 8, v0x226ec80_0, 1;
    %jmp/0xz  T_25.2, 8;
    %load/v 8, v0x226ec00_0, 8;
    %ix/load 0, 8, 0;
    %assign/v0 v0x226ed00_0, 0, 8;
T_25.2 ;
T_25.1 ;
    %jmp T_25;
    .thread T_25;
    .scope S_0x226e600;
T_26 ;
    %wait E_0x2269ea0;
    %load/v 8, v0x226e970_0, 1;
    %jmp/0xz  T_26.0, 8;
    %ix/load 0, 8, 0;
    %assign/v0 v0x226e8f0_0, 0, 0;
    %jmp T_26.1;
T_26.0 ;
    %load/v 8, v0x226e870_0, 1;
    %jmp/0xz  T_26.2, 8;
    %load/v 8, v0x226e7f0_0, 8;
    %ix/load 0, 8, 0;
    %assign/v0 v0x226e8f0_0, 0, 8;
T_26.2 ;
T_26.1 ;
    %jmp T_26;
    .thread T_26;
    .scope S_0x226d990;
T_27 ;
    %wait E_0x22662f0;
    %ix/load 0, 1, 0;
    %assign/v0 v0x226db00_0, 0, 0;
    %ix/load 0, 1, 0;
    %assign/v0 v0x226db80_0, 0, 0;
    %ix/load 0, 1, 0;
    %assign/v0 v0x226dc00_0, 0, 0;
    %ix/load 0, 1, 0;
    %assign/v0 v0x226dc80_0, 0, 0;
    %load/v 8, v0x226dfe0_0, 1;
    %jmp/0xz  T_27.0, 8;
    %ix/load 0, 1, 0;
    %assign/v0 v0x226e3f0_0, 0, 0;
    %ix/load 0, 1, 0;
    %assign/v0 v0x226e0e0_0, 0, 0;
    %ix/load 0, 1, 0;
    %assign/v0 v0x226e060_0, 0, 1;
    %ix/load 0, 1, 0;
    %assign/v0 v0x226e2e0_0, 0, 0;
    %ix/load 0, 1, 0;
    %assign/v0 v0x226e1e0_0, 0, 0;
    %ix/load 0, 1, 0;
    %assign/v0 v0x226e160_0, 0, 0;
    %ix/load 0, 1, 0;
    %assign/v0 v0x226e260_0, 0, 0;
    %ix/load 0, 1, 0;
    %assign/v0 v0x226dd00_0, 0, 0;
    %jmp T_27.1;
T_27.0 ;
    %load/v 8, v0x226de00_0, 6;
    %mov 14, 2, 3;
    %movi 17, 0, 1;
    %mov 18, 2, 2;
    %cmp/x 8, 14, 6;
    %jmp/1 T_27.2, 4;
    %movi 20, 8, 4;
    %mov 24, 2, 2;
    %cmp/x 8, 20, 6;
    %jmp/1 T_27.3, 4;
    %movi 26, 9, 6;
    %cmp/x 8, 26, 6;
    %jmp/1 T_27.4, 4;
    %movi 26, 10, 6;
    %cmp/x 8, 26, 6;
    %jmp/1 T_27.5, 4;
    %movi 26, 11, 6;
    %cmp/x 8, 26, 6;
    %jmp/1 T_27.6, 4;
    %movi 26, 12, 6;
    %cmp/x 8, 26, 6;
    %jmp/1 T_27.7, 4;
    %movi 26, 13, 6;
    %cmp/x 8, 26, 6;
    %jmp/1 T_27.8, 4;
    %movi 26, 14, 6;
    %cmp/x 8, 26, 6;
    %jmp/1 T_27.9, 4;
    %movi 26, 15, 4;
    %mov 30, 2, 2;
    %cmp/x 8, 26, 6;
    %jmp/1 T_27.10, 4;
    %movi 32, 25, 6;
    %cmp/x 8, 32, 6;
    %jmp/1 T_27.11, 4;
    %movi 32, 26, 6;
    %cmp/x 8, 32, 6;
    %jmp/1 T_27.12, 4;
    %movi 32, 27, 6;
    %cmp/x 8, 32, 6;
    %jmp/1 T_27.13, 4;
    %ix/load 0, 1, 0;
    %assign/v0 v0x226e3f0_0, 0, 0;
    %ix/load 0, 1, 0;
    %assign/v0 v0x226e0e0_0, 0, 0;
    %ix/load 0, 1, 0;
    %assign/v0 v0x226e060_0, 0, 1;
    %ix/load 0, 1, 0;
    %assign/v0 v0x226e2e0_0, 0, 0;
    %ix/load 0, 1, 0;
    %assign/v0 v0x226e1e0_0, 0, 0;
    %ix/load 0, 1, 0;
    %assign/v0 v0x226e160_0, 0, 0;
    %ix/load 0, 1, 0;
    %assign/v0 v0x226e260_0, 0, 0;
    %ix/load 0, 1, 0;
    %assign/v0 v0x226dd00_0, 0, 0;
    %jmp T_27.15;
T_27.2 ;
    %ix/load 0, 1, 0;
    %assign/v0 v0x226e3f0_0, 0, 1;
    %ix/load 0, 1, 0;
    %assign/v0 v0x226e060_0, 0, 1;
    %ix/load 0, 1, 0;
    %assign/v0 v0x226e0e0_0, 0, 0;
    %ix/load 0, 1, 0;
    %assign/v0 v0x226e2e0_0, 0, 0;
    %ix/load 0, 1, 0;
    %assign/v0 v0x226e1e0_0, 0, 0;
    %ix/load 0, 1, 0;
    %assign/v0 v0x226e160_0, 0, 0;
    %ix/load 0, 1, 0;
    %assign/v0 v0x226e260_0, 0, 0;
    %ix/load 0, 1, 0;
    %assign/v0 v0x226dd00_0, 0, 0;
    %jmp T_27.15;
T_27.3 ;
    %ix/load 0, 1, 0;
    %assign/v0 v0x226e3f0_0, 0, 1;
    %ix/load 0, 1, 0;
    %assign/v0 v0x226e060_0, 0, 1;
    %ix/load 0, 1, 0;
    %assign/v0 v0x226e0e0_0, 0, 1;
    %ix/load 0, 1, 0;
    %assign/v0 v0x226e2e0_0, 0, 0;
    %ix/load 0, 1, 0;
    %assign/v0 v0x226e1e0_0, 0, 0;
    %ix/load 0, 1, 0;
    %assign/v0 v0x226e160_0, 0, 0;
    %ix/load 0, 1, 0;
    %assign/v0 v0x226e260_0, 0, 0;
    %ix/load 0, 1, 0;
    %assign/v0 v0x226dd00_0, 0, 0;
    %jmp T_27.15;
T_27.4 ;
    %ix/load 0, 1, 0;
    %assign/v0 v0x226e3f0_0, 0, 0;
    %ix/load 0, 1, 0;
    %assign/v0 v0x226e060_0, 0, 0;
    %ix/load 0, 1, 0;
    %assign/v0 v0x226e0e0_0, 0, 0;
    %ix/load 0, 1, 0;
    %assign/v0 v0x226e2e0_0, 0, 0;
    %ix/load 0, 1, 0;
    %assign/v0 v0x226e1e0_0, 0, 0;
    %ix/load 0, 1, 0;
    %assign/v0 v0x226e160_0, 0, 0;
    %ix/load 0, 1, 0;
    %assign/v0 v0x226e260_0, 0, 0;
    %ix/load 0, 1, 0;
    %assign/v0 v0x226dd00_0, 0, 0;
    %jmp T_27.15;
T_27.5 ;
    %ix/load 0, 1, 0;
    %assign/v0 v0x226e3f0_0, 0, 0;
    %ix/load 0, 1, 0;
    %assign/v0 v0x226e0e0_0, 0, 0;
    %ix/load 0, 1, 0;
    %assign/v0 v0x226e2e0_0, 0, 0;
    %ix/load 0, 1, 0;
    %assign/v0 v0x226e1e0_0, 0, 0;
    %ix/load 0, 1, 0;
    %assign/v0 v0x226e160_0, 0, 0;
    %ix/load 0, 1, 0;
    %assign/v0 v0x226e260_0, 0, 0;
    %ix/load 0, 1, 0;
    %assign/v0 v0x226dd00_0, 0, 0;
    %load/v 8, v0x226e360_0, 1;
    %jmp/0xz  T_27.16, 8;
    %ix/load 0, 1, 0;
    %assign/v0 v0x226e060_0, 0, 0;
    %jmp T_27.17;
T_27.16 ;
    %ix/load 0, 1, 0;
    %assign/v0 v0x226e060_0, 0, 1;
T_27.17 ;
    %jmp T_27.15;
T_27.6 ;
    %ix/load 0, 1, 0;
    %assign/v0 v0x226e3f0_0, 0, 0;
    %ix/load 0, 1, 0;
    %assign/v0 v0x226e0e0_0, 0, 0;
    %ix/load 0, 1, 0;
    %assign/v0 v0x226e2e0_0, 0, 0;
    %ix/load 0, 1, 0;
    %assign/v0 v0x226e1e0_0, 0, 0;
    %ix/load 0, 1, 0;
    %assign/v0 v0x226e160_0, 0, 0;
    %ix/load 0, 1, 0;
    %assign/v0 v0x226e260_0, 0, 0;
    %ix/load 0, 1, 0;
    %assign/v0 v0x226dd00_0, 0, 0;
    %load/v 8, v0x226e360_0, 1;
    %cmpi/u 8, 1, 1;
    %inv 4, 1;
    %jmp/0xz  T_27.18, 4;
    %ix/load 0, 1, 0;
    %assign/v0 v0x226e060_0, 0, 0;
    %jmp T_27.19;
T_27.18 ;
    %ix/load 0, 1, 0;
    %assign/v0 v0x226e060_0, 0, 1;
T_27.19 ;
    %jmp T_27.15;
T_27.7 ;
    %ix/load 0, 1, 0;
    %assign/v0 v0x226e3f0_0, 0, 1;
    %ix/load 0, 1, 0;
    %assign/v0 v0x226e060_0, 0, 1;
    %ix/load 0, 1, 0;
    %assign/v0 v0x226e0e0_0, 0, 0;
    %ix/load 0, 1, 0;
    %assign/v0 v0x226e2e0_0, 0, 1;
    %ix/load 0, 1, 0;
    %assign/v0 v0x226e1e0_0, 0, 0;
    %ix/load 0, 1, 0;
    %assign/v0 v0x226e160_0, 0, 0;
    %ix/load 0, 1, 0;
    %assign/v0 v0x226e260_0, 0, 0;
    %ix/load 0, 1, 0;
    %assign/v0 v0x226dd00_0, 0, 0;
    %jmp T_27.15;
T_27.8 ;
    %ix/load 0, 1, 0;
    %assign/v0 v0x226e3f0_0, 0, 0;
    %ix/load 0, 1, 0;
    %assign/v0 v0x226e060_0, 0, 1;
    %ix/load 0, 1, 0;
    %assign/v0 v0x226e0e0_0, 0, 0;
    %ix/load 0, 1, 0;
    %assign/v0 v0x226e2e0_0, 0, 0;
    %ix/load 0, 1, 0;
    %assign/v0 v0x226e1e0_0, 0, 1;
    %ix/load 0, 1, 0;
    %assign/v0 v0x226e160_0, 0, 0;
    %ix/load 0, 1, 0;
    %assign/v0 v0x226e260_0, 0, 0;
    %ix/load 0, 1, 0;
    %assign/v0 v0x226dd00_0, 0, 0;
    %load/v 8, v0x226de80_0, 2;
    %cmpi/u 8, 0, 2;
    %jmp/1 T_27.20, 6;
    %cmpi/u 8, 1, 2;
    %jmp/1 T_27.21, 6;
    %cmpi/u 8, 2, 2;
    %jmp/1 T_27.22, 6;
    %cmpi/u 8, 3, 2;
    %jmp/1 T_27.23, 6;
    %jmp T_27.24;
T_27.20 ;
    %ix/load 0, 1, 0;
    %assign/v0 v0x226db00_0, 0, 1;
    %jmp T_27.24;
T_27.21 ;
    %ix/load 0, 1, 0;
    %assign/v0 v0x226db80_0, 0, 1;
    %jmp T_27.24;
T_27.22 ;
    %ix/load 0, 1, 0;
    %assign/v0 v0x226dc00_0, 0, 1;
    %jmp T_27.24;
T_27.23 ;
    %ix/load 0, 1, 0;
    %assign/v0 v0x226dc80_0, 0, 1;
    %jmp T_27.24;
T_27.24 ;
    %jmp T_27.15;
T_27.9 ;
    %ix/load 0, 1, 0;
    %assign/v0 v0x226e3f0_0, 0, 0;
    %ix/load 0, 1, 0;
    %assign/v0 v0x226e060_0, 0, 1;
    %ix/load 0, 1, 0;
    %assign/v0 v0x226e0e0_0, 0, 0;
    %ix/load 0, 1, 0;
    %assign/v0 v0x226e2e0_0, 0, 0;
    %ix/load 0, 1, 0;
    %assign/v0 v0x226e1e0_0, 0, 0;
    %ix/load 0, 1, 0;
    %assign/v0 v0x226e160_0, 0, 0;
    %ix/load 0, 1, 0;
    %assign/v0 v0x226e260_0, 0, 0;
    %ix/load 0, 1, 0;
    %assign/v0 v0x226dd00_0, 0, 0;
    %load/v 8, v0x226de80_0, 2;
    %cmpi/u 8, 0, 2;
    %jmp/1 T_27.25, 6;
    %cmpi/u 8, 1, 2;
    %jmp/1 T_27.26, 6;
    %cmpi/u 8, 2, 2;
    %jmp/1 T_27.27, 6;
    %cmpi/u 8, 3, 2;
    %jmp/1 T_27.28, 6;
    %jmp T_27.29;
T_27.25 ;
    %ix/load 0, 1, 0;
    %assign/v0 v0x226db00_0, 0, 1;
    %jmp T_27.29;
T_27.26 ;
    %ix/load 0, 1, 0;
    %assign/v0 v0x226db80_0, 0, 1;
    %jmp T_27.29;
T_27.27 ;
    %ix/load 0, 1, 0;
    %assign/v0 v0x226dc00_0, 0, 1;
    %jmp T_27.29;
T_27.28 ;
    %ix/load 0, 1, 0;
    %assign/v0 v0x226dc80_0, 0, 1;
    %jmp T_27.29;
T_27.29 ;
    %jmp T_27.15;
T_27.10 ;
    %ix/load 0, 1, 0;
    %assign/v0 v0x226e3f0_0, 0, 0;
    %ix/load 0, 1, 0;
    %assign/v0 v0x226e060_0, 0, 1;
    %ix/load 0, 1, 0;
    %assign/v0 v0x226e0e0_0, 0, 0;
    %ix/load 0, 1, 0;
    %assign/v0 v0x226e2e0_0, 0, 0;
    %ix/load 0, 1, 0;
    %assign/v0 v0x226e1e0_0, 0, 1;
    %ix/load 0, 1, 0;
    %assign/v0 v0x226e160_0, 0, 0;
    %ix/load 0, 1, 0;
    %assign/v0 v0x226e260_0, 0, 0;
    %ix/load 0, 1, 0;
    %assign/v0 v0x226dd00_0, 0, 0;
    %load/v 8, v0x226df00_0, 2;
    %cmpi/u 8, 0, 2;
    %jmp/1 T_27.30, 6;
    %cmpi/u 8, 1, 2;
    %jmp/1 T_27.31, 6;
    %cmpi/u 8, 2, 2;
    %jmp/1 T_27.32, 6;
    %cmpi/u 8, 3, 2;
    %jmp/1 T_27.33, 6;
    %jmp T_27.34;
T_27.30 ;
    %ix/load 0, 1, 0;
    %assign/v0 v0x226db00_0, 0, 1;
    %jmp T_27.34;
T_27.31 ;
    %ix/load 0, 1, 0;
    %assign/v0 v0x226db80_0, 0, 1;
    %jmp T_27.34;
T_27.32 ;
    %ix/load 0, 1, 0;
    %assign/v0 v0x226dc00_0, 0, 1;
    %jmp T_27.34;
T_27.33 ;
    %ix/load 0, 1, 0;
    %assign/v0 v0x226dc80_0, 0, 1;
    %jmp T_27.34;
T_27.34 ;
    %jmp T_27.15;
T_27.11 ;
    %ix/load 0, 1, 0;
    %assign/v0 v0x226e3f0_0, 0, 0;
    %ix/load 0, 1, 0;
    %assign/v0 v0x226e060_0, 0, 1;
    %ix/load 0, 1, 0;
    %assign/v0 v0x226e0e0_0, 0, 0;
    %ix/load 0, 1, 0;
    %assign/v0 v0x226e2e0_0, 0, 0;
    %ix/load 0, 1, 0;
    %assign/v0 v0x226e1e0_0, 0, 0;
    %ix/load 0, 1, 0;
    %assign/v0 v0x226e160_0, 0, 1;
    %ix/load 0, 1, 0;
    %assign/v0 v0x226e260_0, 0, 0;
    %ix/load 0, 1, 0;
    %assign/v0 v0x226dd00_0, 0, 0;
    %jmp T_27.15;
T_27.12 ;
    %ix/load 0, 1, 0;
    %assign/v0 v0x226e3f0_0, 0, 0;
    %ix/load 0, 1, 0;
    %assign/v0 v0x226e060_0, 0, 0;
    %ix/load 0, 1, 0;
    %assign/v0 v0x226e0e0_0, 0, 0;
    %ix/load 0, 1, 0;
    %assign/v0 v0x226e2e0_0, 0, 0;
    %ix/load 0, 1, 0;
    %assign/v0 v0x226e1e0_0, 0, 0;
    %ix/load 0, 1, 0;
    %assign/v0 v0x226e160_0, 0, 0;
    %ix/load 0, 1, 0;
    %assign/v0 v0x226e260_0, 0, 0;
    %ix/load 0, 1, 0;
    %assign/v0 v0x226dd00_0, 0, 1;
    %jmp T_27.15;
T_27.13 ;
    %ix/load 0, 1, 0;
    %assign/v0 v0x226e3f0_0, 0, 0;
    %ix/load 0, 1, 0;
    %assign/v0 v0x226e060_0, 0, 0;
    %ix/load 0, 1, 0;
    %assign/v0 v0x226e0e0_0, 0, 0;
    %ix/load 0, 1, 0;
    %assign/v0 v0x226e2e0_0, 0, 0;
    %ix/load 0, 1, 0;
    %assign/v0 v0x226e1e0_0, 0, 0;
    %ix/load 0, 1, 0;
    %assign/v0 v0x226e160_0, 0, 0;
    %ix/load 0, 1, 0;
    %assign/v0 v0x226e260_0, 0, 1;
    %ix/load 0, 1, 0;
    %assign/v0 v0x226dd00_0, 0, 0;
    %jmp T_27.15;
T_27.15 ;
T_27.1 ;
    %jmp T_27;
    .thread T_27, $push;
    .scope S_0x226d530;
T_28 ;
    %wait E_0x2264c80;
    %load/v 8, v0x226d620_0, 4;
    %cmpi/u 8, 0, 4;
    %jmp/1 T_28.0, 6;
    %cmpi/u 8, 1, 4;
    %jmp/1 T_28.1, 6;
    %cmpi/u 8, 2, 4;
    %jmp/1 T_28.2, 6;
    %cmpi/u 8, 3, 4;
    %jmp/1 T_28.3, 6;
    %cmpi/u 8, 4, 4;
    %jmp/1 T_28.4, 6;
    %cmpi/u 8, 5, 4;
    %jmp/1 T_28.5, 6;
    %cmpi/u 8, 6, 4;
    %jmp/1 T_28.6, 6;
    %cmpi/u 8, 7, 4;
    %jmp/1 T_28.7, 6;
    %cmpi/u 8, 8, 4;
    %jmp/1 T_28.8, 6;
    %cmpi/u 8, 9, 4;
    %jmp/1 T_28.9, 6;
    %cmpi/u 8, 10, 4;
    %jmp/1 T_28.10, 6;
    %cmpi/u 8, 11, 4;
    %jmp/1 T_28.11, 6;
    %cmpi/u 8, 12, 4;
    %jmp/1 T_28.12, 6;
    %cmpi/u 8, 13, 4;
    %jmp/1 T_28.13, 6;
    %cmpi/u 8, 14, 4;
    %jmp/1 T_28.14, 6;
    %cmpi/u 8, 15, 4;
    %jmp/1 T_28.15, 6;
    %jmp T_28.16;
T_28.0 ;
    %movi 8, 63, 7;
    %ix/load 0, 7, 0;
    %assign/v0 v0x226d7a0_0, 0, 8;
    %ix/load 0, 7, 0;
    %assign/v0 v0x226d820_0, 0, 0;
    %jmp T_28.16;
T_28.1 ;
    %movi 8, 6, 7;
    %ix/load 0, 7, 0;
    %assign/v0 v0x226d7a0_0, 0, 8;
    %ix/load 0, 7, 0;
    %assign/v0 v0x226d820_0, 0, 0;
    %jmp T_28.16;
T_28.2 ;
    %movi 8, 91, 7;
    %ix/load 0, 7, 0;
    %assign/v0 v0x226d7a0_0, 0, 8;
    %ix/load 0, 7, 0;
    %assign/v0 v0x226d820_0, 0, 0;
    %jmp T_28.16;
T_28.3 ;
    %movi 8, 79, 7;
    %ix/load 0, 7, 0;
    %assign/v0 v0x226d7a0_0, 0, 8;
    %ix/load 0, 7, 0;
    %assign/v0 v0x226d820_0, 0, 0;
    %jmp T_28.16;
T_28.4 ;
    %ix/load 0, 7, 0;
    %assign/v0 v0x226d7a0_0, 0, 1;
    %ix/load 0, 7, 0;
    %assign/v0 v0x226d820_0, 0, 0;
    %jmp T_28.16;
T_28.5 ;
    %movi 8, 103, 7;
    %ix/load 0, 7, 0;
    %assign/v0 v0x226d7a0_0, 0, 8;
    %ix/load 0, 7, 0;
    %assign/v0 v0x226d820_0, 0, 0;
    %jmp T_28.16;
T_28.6 ;
    %movi 8, 125, 7;
    %ix/load 0, 7, 0;
    %assign/v0 v0x226d7a0_0, 0, 8;
    %ix/load 0, 7, 0;
    %assign/v0 v0x226d820_0, 0, 0;
    %jmp T_28.16;
T_28.7 ;
    %movi 8, 7, 7;
    %ix/load 0, 7, 0;
    %assign/v0 v0x226d7a0_0, 0, 8;
    %ix/load 0, 7, 0;
    %assign/v0 v0x226d820_0, 0, 0;
    %jmp T_28.16;
T_28.8 ;
    %ix/load 0, 7, 0;
    %assign/v0 v0x226d7a0_0, 0, 1;
    %ix/load 0, 7, 0;
    %assign/v0 v0x226d820_0, 0, 0;
    %jmp T_28.16;
T_28.9 ;
    %movi 8, 103, 7;
    %ix/load 0, 7, 0;
    %assign/v0 v0x226d7a0_0, 0, 8;
    %ix/load 0, 7, 0;
    %assign/v0 v0x226d820_0, 0, 0;
    %jmp T_28.16;
T_28.10 ;
    %ix/load 0, 7, 0;
    %assign/v0 v0x226d7a0_0, 0, 0;
    %movi 8, 6, 7;
    %ix/load 0, 7, 0;
    %assign/v0 v0x226d820_0, 0, 8;
    %jmp T_28.16;
T_28.11 ;
    %movi 8, 6, 7;
    %ix/load 0, 7, 0;
    %assign/v0 v0x226d7a0_0, 0, 8;
    %movi 8, 6, 7;
    %ix/load 0, 7, 0;
    %assign/v0 v0x226d820_0, 0, 8;
    %jmp T_28.16;
T_28.12 ;
    %movi 8, 89, 7;
    %ix/load 0, 7, 0;
    %assign/v0 v0x226d7a0_0, 0, 8;
    %movi 8, 6, 7;
    %ix/load 0, 7, 0;
    %assign/v0 v0x226d820_0, 0, 8;
    %jmp T_28.16;
T_28.13 ;
    %movi 8, 79, 7;
    %ix/load 0, 7, 0;
    %assign/v0 v0x226d7a0_0, 0, 8;
    %movi 8, 6, 7;
    %ix/load 0, 7, 0;
    %assign/v0 v0x226d820_0, 0, 8;
    %jmp T_28.16;
T_28.14 ;
    %movi 8, 102, 7;
    %ix/load 0, 7, 0;
    %assign/v0 v0x226d7a0_0, 0, 8;
    %movi 8, 6, 7;
    %ix/load 0, 7, 0;
    %assign/v0 v0x226d820_0, 0, 8;
    %jmp T_28.16;
T_28.15 ;
    %movi 8, 109, 7;
    %ix/load 0, 7, 0;
    %assign/v0 v0x226d7a0_0, 0, 8;
    %movi 8, 6, 7;
    %ix/load 0, 7, 0;
    %assign/v0 v0x226d820_0, 0, 8;
    %jmp T_28.16;
T_28.16 ;
    %jmp T_28;
    .thread T_28, $push;
    .scope S_0x226d1c0;
T_29 ;
    %wait E_0x2268ac0;
    %load/v 8, v0x226d2b0_0, 4;
    %cmpi/u 8, 0, 4;
    %jmp/1 T_29.0, 6;
    %cmpi/u 8, 1, 4;
    %jmp/1 T_29.1, 6;
    %cmpi/u 8, 2, 4;
    %jmp/1 T_29.2, 6;
    %cmpi/u 8, 3, 4;
    %jmp/1 T_29.3, 6;
    %cmpi/u 8, 4, 4;
    %jmp/1 T_29.4, 6;
    %cmpi/u 8, 5, 4;
    %jmp/1 T_29.5, 6;
    %cmpi/u 8, 6, 4;
    %jmp/1 T_29.6, 6;
    %cmpi/u 8, 7, 4;
    %jmp/1 T_29.7, 6;
    %cmpi/u 8, 8, 4;
    %jmp/1 T_29.8, 6;
    %cmpi/u 8, 9, 4;
    %jmp/1 T_29.9, 6;
    %cmpi/u 8, 10, 4;
    %jmp/1 T_29.10, 6;
    %cmpi/u 8, 11, 4;
    %jmp/1 T_29.11, 6;
    %cmpi/u 8, 12, 4;
    %jmp/1 T_29.12, 6;
    %cmpi/u 8, 13, 4;
    %jmp/1 T_29.13, 6;
    %cmpi/u 8, 14, 4;
    %jmp/1 T_29.14, 6;
    %cmpi/u 8, 15, 4;
    %jmp/1 T_29.15, 6;
    %jmp T_29.16;
T_29.0 ;
    %movi 8, 63, 7;
    %ix/load 0, 7, 0;
    %assign/v0 v0x226d430_0, 0, 8;
    %ix/load 0, 7, 0;
    %assign/v0 v0x226d4b0_0, 0, 0;
    %jmp T_29.16;
T_29.1 ;
    %movi 8, 6, 7;
    %ix/load 0, 7, 0;
    %assign/v0 v0x226d430_0, 0, 8;
    %ix/load 0, 7, 0;
    %assign/v0 v0x226d4b0_0, 0, 0;
    %jmp T_29.16;
T_29.2 ;
    %movi 8, 91, 7;
    %ix/load 0, 7, 0;
    %assign/v0 v0x226d430_0, 0, 8;
    %ix/load 0, 7, 0;
    %assign/v0 v0x226d4b0_0, 0, 0;
    %jmp T_29.16;
T_29.3 ;
    %movi 8, 79, 7;
    %ix/load 0, 7, 0;
    %assign/v0 v0x226d430_0, 0, 8;
    %ix/load 0, 7, 0;
    %assign/v0 v0x226d4b0_0, 0, 0;
    %jmp T_29.16;
T_29.4 ;
    %ix/load 0, 7, 0;
    %assign/v0 v0x226d430_0, 0, 1;
    %ix/load 0, 7, 0;
    %assign/v0 v0x226d4b0_0, 0, 0;
    %jmp T_29.16;
T_29.5 ;
    %movi 8, 103, 7;
    %ix/load 0, 7, 0;
    %assign/v0 v0x226d430_0, 0, 8;
    %ix/load 0, 7, 0;
    %assign/v0 v0x226d4b0_0, 0, 0;
    %jmp T_29.16;
T_29.6 ;
    %movi 8, 125, 7;
    %ix/load 0, 7, 0;
    %assign/v0 v0x226d430_0, 0, 8;
    %ix/load 0, 7, 0;
    %assign/v0 v0x226d4b0_0, 0, 0;
    %jmp T_29.16;
T_29.7 ;
    %movi 8, 7, 7;
    %ix/load 0, 7, 0;
    %assign/v0 v0x226d430_0, 0, 8;
    %ix/load 0, 7, 0;
    %assign/v0 v0x226d4b0_0, 0, 0;
    %jmp T_29.16;
T_29.8 ;
    %ix/load 0, 7, 0;
    %assign/v0 v0x226d430_0, 0, 1;
    %ix/load 0, 7, 0;
    %assign/v0 v0x226d4b0_0, 0, 0;
    %jmp T_29.16;
T_29.9 ;
    %movi 8, 103, 7;
    %ix/load 0, 7, 0;
    %assign/v0 v0x226d430_0, 0, 8;
    %ix/load 0, 7, 0;
    %assign/v0 v0x226d4b0_0, 0, 0;
    %jmp T_29.16;
T_29.10 ;
    %ix/load 0, 7, 0;
    %assign/v0 v0x226d430_0, 0, 0;
    %movi 8, 6, 7;
    %ix/load 0, 7, 0;
    %assign/v0 v0x226d4b0_0, 0, 8;
    %jmp T_29.16;
T_29.11 ;
    %movi 8, 6, 7;
    %ix/load 0, 7, 0;
    %assign/v0 v0x226d430_0, 0, 8;
    %movi 8, 6, 7;
    %ix/load 0, 7, 0;
    %assign/v0 v0x226d4b0_0, 0, 8;
    %jmp T_29.16;
T_29.12 ;
    %movi 8, 89, 7;
    %ix/load 0, 7, 0;
    %assign/v0 v0x226d430_0, 0, 8;
    %movi 8, 6, 7;
    %ix/load 0, 7, 0;
    %assign/v0 v0x226d4b0_0, 0, 8;
    %jmp T_29.16;
T_29.13 ;
    %movi 8, 79, 7;
    %ix/load 0, 7, 0;
    %assign/v0 v0x226d430_0, 0, 8;
    %movi 8, 6, 7;
    %ix/load 0, 7, 0;
    %assign/v0 v0x226d4b0_0, 0, 8;
    %jmp T_29.16;
T_29.14 ;
    %movi 8, 102, 7;
    %ix/load 0, 7, 0;
    %assign/v0 v0x226d430_0, 0, 8;
    %movi 8, 6, 7;
    %ix/load 0, 7, 0;
    %assign/v0 v0x226d4b0_0, 0, 8;
    %jmp T_29.16;
T_29.15 ;
    %movi 8, 109, 7;
    %ix/load 0, 7, 0;
    %assign/v0 v0x226d430_0, 0, 8;
    %movi 8, 6, 7;
    %ix/load 0, 7, 0;
    %assign/v0 v0x226d4b0_0, 0, 8;
    %jmp T_29.16;
T_29.16 ;
    %jmp T_29;
    .thread T_29, $push;
    .scope S_0x222c6f0;
T_30 ;
    %wait E_0x2269ea0;
    %load/v 8, v0x2278140_0, 1;
    %jmp/0xz  T_30.0, 8;
    %ix/load 0, 4, 0;
    %assign/v0 v0x22780c0_0, 0, 0;
    %ix/load 0, 5, 0;
    %assign/v0 v0x2278040_0, 0, 0;
    %ix/load 0, 8, 0;
    %assign/v0 v0x2277d70_0, 0, 0;
    %ix/load 0, 8, 0;
    %assign/v0 v0x2277df0_0, 0, 0;
    %ix/load 0, 8, 0;
    %assign/v0 v0x2277e70_0, 0, 0;
    %ix/load 0, 8, 0;
    %assign/v0 v0x2277f40_0, 0, 0;
    %jmp T_30.1;
T_30.0 ;
    %load/v 8, v0x2277aa0_0, 4;
    %load/v 12, v0x22780c0_0, 4;
    %set/v v0x2277d70_0, 8, 8;
    %load/v 8, v0x2277b20_0, 4;
    %load/v 12, v0x22780c0_0, 4;
    %set/v v0x2277df0_0, 8, 8;
    %load/v 8, v0x2277fc0_0, 3;
    %load/v 11, v0x2278040_0, 5;
    %set/v v0x2277e70_0, 8, 8;
T_30.1 ;
    %jmp T_30;
    .thread T_30;
# The file index is used to find the file name in the following table.
:file_names 10;
    "N/A";
    "<interactive>";
    "componentes.v";
    "monociclo_tb.v";
    "monociclo.v";
    "microc.v";
    "memprog.v";
    "alu.v";
    "uc.v";
    "palaplaca.v";
